Flow report for cnn_vibration_monior_10M08
Tue May  6 09:31:47 2025
Quartus Prime Version 23.1std.1 Build 993 05/14/2024 SC Lite Edition


---------------------
; Table of Contents ;
---------------------
  1. Legal Notice
  2. Flow Summary
  3. Flow Settings
  4. Flow Non-Default Global Settings
  5. Flow Elapsed Time
  6. Flow OS Summary
  7. Flow Log
  8. Flow Messages
  9. Flow Suppressed Messages



----------------
; Legal Notice ;
----------------
Copyright (C) 2024  Intel Corporation. All rights reserved.
Your use of Intel Corporation's design tools, logic functions 
and other software and tools, and any partner logic 
functions, and any output files from any of the foregoing 
(including device programming or simulation files), and any 
associated documentation or information are expressly subject 
to the terms and conditions of the Intel Program License 
Subscription Agreement, the Intel Quartus Prime License Agreement,
the Intel FPGA IP License Agreement, or other applicable license
agreement, including, without limitation, that your use is for
the sole purpose of programming logic devices manufactured by
Intel and sold by Intel or its authorized distributors.  Please
refer to the applicable agreement for further details, at
https://fpgasoftware.intel.com/eula.



+-------------------------------------------------------------------------------------+
; Flow Summary                                                                        ;
+------------------------------------+------------------------------------------------+
; Flow Status                        ; Successful - Tue May  6 09:31:47 2025          ;
; Quartus Prime Version              ; 23.1std.1 Build 993 05/14/2024 SC Lite Edition ;
; Revision Name                      ; cnn_vibration_monior_10M08                     ;
; Top-level Entity Name              ; cnn_vibration_monitor_10M08                    ;
; Family                             ; MAX 10                                         ;
; Device                             ; 10M08SAE144I7G                                 ;
; Timing Models                      ; Final                                          ;
; Total logic elements               ; 2,751 / 8,064 ( 34 % )                         ;
;     Total combinational functions  ; 1,337 / 8,064 ( 17 % )                         ;
;     Dedicated logic registers      ; 2,651 / 8,064 ( 33 % )                         ;
; Total registers                    ; 2651                                           ;
; Total pins                         ; 12 / 101 ( 12 % )                              ;
; Total virtual pins                 ; 0                                              ;
; Total memory bits                  ; 576 / 387,072 ( < 1 % )                        ;
; Embedded Multiplier 9-bit elements ; 46 / 48 ( 96 % )                               ;
; Total PLLs                         ; 1 / 1 ( 100 % )                                ;
; UFM blocks                         ; 0 / 1 ( 0 % )                                  ;
; ADC blocks                         ; 1 / 1 ( 100 % )                                ;
+------------------------------------+------------------------------------------------+


+------------------------------------------------+
; Flow Settings                                  ;
+-------------------+----------------------------+
; Option            ; Setting                    ;
+-------------------+----------------------------+
; Start date & time ; 05/06/2025 09:29:58        ;
; Main task         ; Compilation                ;
; Revision Name     ; cnn_vibration_monior_10M08 ;
+-------------------+----------------------------+


+-----------------------------------------------------------------------------------------------------------------------------------------------------------------------------+
; Flow Non-Default Global Settings                                                                                                                                            ;
+-------------------------------------+----------------------------------------+----------------------------+-----------------------------+-----------------------------------+
; Assignment Name                     ; Value                                  ; Default Value              ; Entity Name                 ; Section Id                        ;
+-------------------------------------+----------------------------------------+----------------------------+-----------------------------+-----------------------------------+
; COMPILER_SIGNATURE_ID               ; 1097834998868.174652019824416          ; --                         ; --                          ; --                                ;
; EDA_GENERATE_FUNCTIONAL_NETLIST     ; Off                                    ; --                         ; --                          ; eda_board_design_timing           ;
; EDA_GENERATE_FUNCTIONAL_NETLIST     ; Off                                    ; --                         ; --                          ; eda_board_design_boundary_scan    ;
; EDA_GENERATE_FUNCTIONAL_NETLIST     ; Off                                    ; --                         ; --                          ; eda_board_design_signal_integrity ;
; EDA_GENERATE_FUNCTIONAL_NETLIST     ; Off                                    ; --                         ; --                          ; eda_board_design_symbol           ;
; EDA_OUTPUT_DATA_FORMAT              ; Verilog Hdl                            ; --                         ; --                          ; eda_simulation                    ;
; EDA_SIMULATION_TOOL                 ; Questa Intel FPGA (Verilog)            ; <None>                     ; --                          ; --                                ;
; EDA_TIME_SCALE                      ; 1 ps                                   ; --                         ; --                          ; eda_simulation                    ;
; ENABLE_SIGNALTAP                    ; Off                                    ; --                         ; --                          ; --                                ;
; FLOW_ENABLE_POWER_ANALYZER          ; On                                     ; Off                        ; --                          ; --                                ;
; MAX_CORE_JUNCTION_TEMP              ; 100                                    ; --                         ; --                          ; --                                ;
; MIN_CORE_JUNCTION_TEMP              ; -40                                    ; --                         ; --                          ; --                                ;
; OPTIMIZATION_MODE                   ; Aggressive Power                       ; Balanced                   ; --                          ; --                                ;
; OPTIMIZE_POWER_DURING_FITTING       ; Extra effort                           ; Normal compilation         ; --                          ; --                                ;
; OPTIMIZE_POWER_DURING_SYNTHESIS     ; Extra effort                           ; Normal compilation         ; --                          ; --                                ;
; OUTPUT_IO_TIMING_FAR_END_VMEAS      ; Half Signal Swing                      ; --                         ; --                          ; --                                ;
; OUTPUT_IO_TIMING_FAR_END_VMEAS      ; Half Signal Swing                      ; --                         ; --                          ; --                                ;
; OUTPUT_IO_TIMING_NEAR_END_VMEAS     ; Half Vccio                             ; --                         ; --                          ; --                                ;
; OUTPUT_IO_TIMING_NEAR_END_VMEAS     ; Half Vccio                             ; --                         ; --                          ; --                                ;
; PARTITION_COLOR                     ; -- (Not supported for targeted family) ; --                         ; cnn_vibration_monitor_10M08 ; Top                               ;
; PARTITION_FITTER_PRESERVATION_LEVEL ; -- (Not supported for targeted family) ; --                         ; cnn_vibration_monitor_10M08 ; Top                               ;
; PARTITION_NETLIST_TYPE              ; -- (Not supported for targeted family) ; --                         ; cnn_vibration_monitor_10M08 ; Top                               ;
; POWER_BOARD_THERMAL_MODEL           ; None (CONSERVATIVE)                    ; --                         ; --                          ; --                                ;
; POWER_DEFAULT_INPUT_IO_TOGGLE_RATE  ; 12.5 %                                 ; 12.5%                      ; --                          ; --                                ;
; POWER_PRESET_COOLING_SOLUTION       ; 23 MM HEAT SINK WITH 200 LFPM AIRFLOW  ; --                         ; --                          ; --                                ;
; PROJECT_OUTPUT_DIRECTORY            ; output_files                           ; --                         ; --                          ; --                                ;
; TOP_LEVEL_ENTITY                    ; cnn_vibration_monitor_10M08            ; cnn_vibration_monior_10M08 ; --                          ; --                                ;
; USE_SIGNALTAP_FILE                  ; output_files/stp2.stp                  ; --                         ; --                          ; --                                ;
+-------------------------------------+----------------------------------------+----------------------------+-----------------------------+-----------------------------------+


+--------------------------------------------------------------------------------------------------------------------------+
; Flow Elapsed Time                                                                                                        ;
+----------------------+--------------+-------------------------+---------------------+------------------------------------+
; Module Name          ; Elapsed Time ; Average Processors Used ; Peak Virtual Memory ; Total CPU Time (on all processors) ;
+----------------------+--------------+-------------------------+---------------------+------------------------------------+
; Analysis & Synthesis ; 00:00:41     ; 1.0                     ; 4926 MB             ; 00:01:04                           ;
; Fitter               ; 00:00:46     ; 1.5                     ; 6047 MB             ; 00:01:27                           ;
; Assembler            ; 00:00:02     ; 1.0                     ; 4846 MB             ; 00:00:02                           ;
; Power Analyzer       ; 00:00:03     ; 2.3                     ; 4936 MB             ; 00:00:07                           ;
; Timing Analyzer      ; 00:00:04     ; 2.4                     ; 4925 MB             ; 00:00:07                           ;
; EDA Netlist Writer   ; 00:00:01     ; 1.0                     ; 4688 MB             ; 00:00:01                           ;
; Total                ; 00:01:37     ; --                      ; --                  ; 00:02:48                           ;
+----------------------+--------------+-------------------------+---------------------+------------------------------------+


+------------------------------------------------------------------------------------+
; Flow OS Summary                                                                    ;
+----------------------+------------------+------------+------------+----------------+
; Module Name          ; Machine Hostname ; OS Name    ; OS Version ; Processor type ;
+----------------------+------------------+------------+------------+----------------+
; Analysis & Synthesis ; harry_laptop     ; Windows 10 ; 10.0       ; x86_64         ;
; Fitter               ; harry_laptop     ; Windows 10 ; 10.0       ; x86_64         ;
; Assembler            ; harry_laptop     ; Windows 10 ; 10.0       ; x86_64         ;
; Power Analyzer       ; harry_laptop     ; Windows 10 ; 10.0       ; x86_64         ;
; Timing Analyzer      ; harry_laptop     ; Windows 10 ; 10.0       ; x86_64         ;
; EDA Netlist Writer   ; harry_laptop     ; Windows 10 ; 10.0       ; x86_64         ;
+----------------------+------------------+------------+------------+----------------+


------------
; Flow Log ;
------------
quartus_map --read_settings_files=on --write_settings_files=off cnn_vibration_monior_10M08 -c cnn_vibration_monior_10M08
quartus_fit --read_settings_files=off --write_settings_files=off cnn_vibration_monior_10M08 -c cnn_vibration_monior_10M08
quartus_asm --read_settings_files=off --write_settings_files=off cnn_vibration_monior_10M08 -c cnn_vibration_monior_10M08
quartus_pow --read_settings_files=off --write_settings_files=off cnn_vibration_monior_10M08 -c cnn_vibration_monior_10M08
quartus_sta cnn_vibration_monior_10M08 -c cnn_vibration_monior_10M08
quartus_eda --read_settings_files=off --write_settings_files=off cnn_vibration_monior_10M08 -c cnn_vibration_monior_10M08



