Timing Analyzer report for cnn_vibration_monior_10M08
Sun Oct 27 13:52:41 2024
Quartus Prime Version 23.1std.1 Build 993 05/14/2024 SC Lite Edition


---------------------
; Table of Contents ;
---------------------
  1. Legal Notice
  2. Timing Analyzer Summary
  3. Parallel Compilation
  4. SDC File List
  5. Clocks
  6. Slow 1200mV 100C Model Fmax Summary
  7. Slow 1200mV 100C Model Setup Summary
  8. Slow 1200mV 100C Model Hold Summary
  9. Slow 1200mV 100C Model Recovery Summary
 10. Slow 1200mV 100C Model Removal Summary
 11. Slow 1200mV 100C Model Minimum Pulse Width Summary
 12. Slow 1200mV 100C Model Metastability Summary
 13. Slow 1200mV -40C Model Fmax Summary
 14. Slow 1200mV -40C Model Setup Summary
 15. Slow 1200mV -40C Model Hold Summary
 16. Slow 1200mV -40C Model Recovery Summary
 17. Slow 1200mV -40C Model Removal Summary
 18. Slow 1200mV -40C Model Minimum Pulse Width Summary
 19. Slow 1200mV -40C Model Metastability Summary
 20. Fast 1200mV -40C Model Setup Summary
 21. Fast 1200mV -40C Model Hold Summary
 22. Fast 1200mV -40C Model Recovery Summary
 23. Fast 1200mV -40C Model Removal Summary
 24. Fast 1200mV -40C Model Minimum Pulse Width Summary
 25. Fast 1200mV -40C Model Metastability Summary
 26. Multicorner Timing Analysis Summary
 27. Board Trace Model Assignments
 28. Input Transition Times
 29. Signal Integrity Metrics (Slow 1200mv n40c Model)
 30. Signal Integrity Metrics (Slow 1200mv 100c Model)
 31. Signal Integrity Metrics (Fast 1200mv n40c Model)
 32. Setup Transfers
 33. Hold Transfers
 34. Recovery Transfers
 35. Removal Transfers
 36. Report TCCS
 37. Report RSKM
 38. Unconstrained Paths Summary
 39. Clock Status Summary
 40. Unconstrained Output Ports
 41. Unconstrained Output Ports
 42. Timing Analyzer Messages



----------------
; Legal Notice ;
----------------
Copyright (C) 2024  Intel Corporation. All rights reserved.
Your use of Intel Corporation's design tools, logic functions 
and other software and tools, and any partner logic 
functions, and any output files from any of the foregoing 
(including device programming or simulation files), and any 
associated documentation or information are expressly subject 
to the terms and conditions of the Intel Program License 
Subscription Agreement, the Intel Quartus Prime License Agreement,
the Intel FPGA IP License Agreement, or other applicable license
agreement, including, without limitation, that your use is for
the sole purpose of programming logic devices manufactured by
Intel and sold by Intel or its authorized distributors.  Please
refer to the applicable agreement for further details, at
https://fpgasoftware.intel.com/eula.



+--------------------------------------------------------------------------------+
; Timing Analyzer Summary                                                        ;
+-----------------------+--------------------------------------------------------+
; Quartus Prime Version ; Version 23.1std.1 Build 993 05/14/2024 SC Lite Edition ;
; Timing Analyzer       ; Legacy Timing Analyzer                                 ;
; Revision Name         ; cnn_vibration_monior_10M08                             ;
; Device Family         ; MAX 10                                                 ;
; Device Name           ; 10M08SAE144I7G                                         ;
; Timing Models         ; Final                                                  ;
; Delay Model           ; Combined                                               ;
; Rise/Fall Delays      ; Enabled                                                ;
+-----------------------+--------------------------------------------------------+


+------------------------------------------+
; Parallel Compilation                     ;
+----------------------------+-------------+
; Processors                 ; Number      ;
+----------------------------+-------------+
; Number detected on machine ; 12          ;
; Maximum allowed            ; 10          ;
;                            ;             ;
; Average used               ; 2.80        ;
; Maximum used               ; 10          ;
;                            ;             ;
; Usage by Processor         ; % Time Used ;
;     Processor 1            ; 100.0%      ;
;     Processor 2            ;  22.7%      ;
;     Processor 3            ;  20.2%      ;
;     Processor 4            ;  20.0%      ;
;     Processors 5-10        ;  19.5%      ;
+----------------------------+-------------+


+------------------------------------------------------------------------------------------------------------------------------------------------------------------------------------------------------+
; SDC File List                                                                                                                                                                                        ;
+------------------------------------------------------------------------------------------------------------------------------------------------------------------+--------+--------------------------+
; SDC File Path                                                                                                                                                    ; Status ; Read at                  ;
+------------------------------------------------------------------------------------------------------------------------------------------------------------------+--------+--------------------------+
; cnn_vibration_monior_10M08.sdc                                                                                                                                   ; OK     ; Sun Oct 27 13:52:39 2024 ;
; c:/users/harry/onedrive - university of bath/vibeai/1dcnn/quartus/cnn_vibration_monitor_example_design_10m08/db/ip/adc/submodules/altera_modular_adc_control.sdc ; OK     ; Sun Oct 27 13:52:39 2024 ;
; c:/users/harry/onedrive - university of bath/vibeai/1dcnn/quartus/cnn_vibration_monitor_example_design_10m08/db/ip/adc/submodules/altera_reset_controller.sdc    ; OK     ; Sun Oct 27 13:52:39 2024 ;
+------------------------------------------------------------------------------------------------------------------------------------------------------------------+--------+--------------------------+


+-------------------------------------------------------------------------------------------------------------------------------------------------------------------------------------------------------------------------------------------------------+
; Clocks                                                                                                                                                                                                                                                ;
+-----------------------------+-----------+---------+-----------+-------+--------+------------+-----------+-------------+-------+--------+-----------+------------+----------+--------+-------------------------------+---------------------------------+
; Clock Name                  ; Type      ; Period  ; Frequency ; Rise  ; Fall   ; Duty Cycle ; Divide by ; Multiply by ; Phase ; Offset ; Edge List ; Edge Shift ; Inverted ; Master ; Source                        ; Targets                         ;
+-----------------------------+-----------+---------+-----------+-------+--------+------------+-----------+-------------+-------+--------+-----------+------------+----------+--------+-------------------------------+---------------------------------+
; clk50                       ; Base      ; 20.000  ; 50.0 MHz  ; 0.000 ; 10.000 ;            ;           ;             ;       ;        ;           ;            ;          ;        ;                               ; { clk50 }                       ;
; u0|altpll_0|sd1|pll7|clk[0] ; Generated ; 100.000 ; 10.0 MHz  ; 0.000 ; 50.000 ; 50.00      ; 5         ; 1           ;       ;        ;           ;            ; false    ; clk50  ; u0|altpll_0|sd1|pll7|inclk[0] ; { u0|altpll_0|sd1|pll7|clk[0] } ;
; u0|altpll_0|sd1|pll7|clk[1] ; Generated ; 10.000  ; 100.0 MHz ; 0.000 ; 5.000  ; 50.00      ; 1         ; 2           ;       ;        ;           ;            ; false    ; clk50  ; u0|altpll_0|sd1|pll7|inclk[0] ; { u0|altpll_0|sd1|pll7|clk[1] } ;
+-----------------------------+-----------+---------+-----------+-------+--------+------------+-----------+-------------+-------+--------+-----------+------------+----------+--------+-------------------------------+---------------------------------+


+-------------------------------------------------------------------+
; Slow 1200mV 100C Model Fmax Summary                               ;
+------------+-----------------+-----------------------------+------+
; Fmax       ; Restricted Fmax ; Clock Name                  ; Note ;
+------------+-----------------+-----------------------------+------+
; 140.63 MHz ; 140.63 MHz      ; u0|altpll_0|sd1|pll7|clk[1] ;      ;
+------------+-----------------+-----------------------------+------+
This panel reports FMAX for every clock in the design, regardless of the user-specified clock periods.  FMAX is only computed for paths where the source and destination registers or ports are driven by the same clock.  Paths of different clocks, including generated clocks, are ignored.  For paths between a clock and its inversion, FMAX is computed as if the rising and falling edges are scaled along with FMAX, such that the duty cycle (in terms of a percentage) is maintained. Altera recommends that you always use clock constraints and other slack reports for sign-off analysis.


+-----------------------------------------------------+
; Slow 1200mV 100C Model Setup Summary                ;
+-----------------------------+-------+---------------+
; Clock                       ; Slack ; End Point TNS ;
+-----------------------------+-------+---------------+
; u0|altpll_0|sd1|pll7|clk[1] ; 2.889 ; 0.000         ;
+-----------------------------+-------+---------------+


+-----------------------------------------------------+
; Slow 1200mV 100C Model Hold Summary                 ;
+-----------------------------+-------+---------------+
; Clock                       ; Slack ; End Point TNS ;
+-----------------------------+-------+---------------+
; u0|altpll_0|sd1|pll7|clk[1] ; 0.345 ; 0.000         ;
+-----------------------------+-------+---------------+


+-----------------------------------------------------+
; Slow 1200mV 100C Model Recovery Summary             ;
+-----------------------------+-------+---------------+
; Clock                       ; Slack ; End Point TNS ;
+-----------------------------+-------+---------------+
; u0|altpll_0|sd1|pll7|clk[1] ; 7.117 ; 0.000         ;
+-----------------------------+-------+---------------+


+-----------------------------------------------------+
; Slow 1200mV 100C Model Removal Summary              ;
+-----------------------------+-------+---------------+
; Clock                       ; Slack ; End Point TNS ;
+-----------------------------+-------+---------------+
; u0|altpll_0|sd1|pll7|clk[1] ; 1.727 ; 0.000         ;
+-----------------------------+-------+---------------+


+------------------------------------------------------+
; Slow 1200mV 100C Model Minimum Pulse Width Summary   ;
+-----------------------------+--------+---------------+
; Clock                       ; Slack  ; End Point TNS ;
+-----------------------------+--------+---------------+
; u0|altpll_0|sd1|pll7|clk[1] ; 4.536  ; 0.000         ;
; clk50                       ; 9.848  ; 0.000         ;
; u0|altpll_0|sd1|pll7|clk[0] ; 44.574 ; 0.000         ;
+-----------------------------+--------+---------------+


------------------------------------------------
; Slow 1200mV 100C Model Metastability Summary ;
------------------------------------------------
Worst-Case MTBF of Design is 1e+09 years or 3.15e+16 seconds.
Typical MTBF of Design is 1e+09 years or 3.15e+16 seconds.

Number of Synchronizer Chains Found: 14
Shortest Synchronizer Chain: 2 Registers
Fraction of Chains for which MTBFs Could Not be Calculated: 0.857
Worst Case Available Settling Time: 15.152 ns

Worst-Case MTBF values are calculated based on the worst-case silicon characteristics, with worst-case operating conditions.
  - Under worst-case conditions, an increase of 100ps in available settling time will increase MTBF values by a factor of 1.5
Typical MTBF values are calculated based on the nominal silicon characteristics, at nominal operating conditions.
  - Under typical conditions, an increase of 100ps in available settling time will increase MTBF values by a factor of 3.7



+-------------------------------------------------------------------+
; Slow 1200mV -40C Model Fmax Summary                               ;
+------------+-----------------+-----------------------------+------+
; Fmax       ; Restricted Fmax ; Clock Name                  ; Note ;
+------------+-----------------+-----------------------------+------+
; 162.65 MHz ; 162.65 MHz      ; u0|altpll_0|sd1|pll7|clk[1] ;      ;
+------------+-----------------+-----------------------------+------+
This panel reports FMAX for every clock in the design, regardless of the user-specified clock periods.  FMAX is only computed for paths where the source and destination registers or ports are driven by the same clock.  Paths of different clocks, including generated clocks, are ignored.  For paths between a clock and its inversion, FMAX is computed as if the rising and falling edges are scaled along with FMAX, such that the duty cycle (in terms of a percentage) is maintained. Altera recommends that you always use clock constraints and other slack reports for sign-off analysis.


+-----------------------------------------------------+
; Slow 1200mV -40C Model Setup Summary                ;
+-----------------------------+-------+---------------+
; Clock                       ; Slack ; End Point TNS ;
+-----------------------------+-------+---------------+
; u0|altpll_0|sd1|pll7|clk[1] ; 3.852 ; 0.000         ;
+-----------------------------+-------+---------------+


+-----------------------------------------------------+
; Slow 1200mV -40C Model Hold Summary                 ;
+-----------------------------+-------+---------------+
; Clock                       ; Slack ; End Point TNS ;
+-----------------------------+-------+---------------+
; u0|altpll_0|sd1|pll7|clk[1] ; 0.297 ; 0.000         ;
+-----------------------------+-------+---------------+


+-----------------------------------------------------+
; Slow 1200mV -40C Model Recovery Summary             ;
+-----------------------------+-------+---------------+
; Clock                       ; Slack ; End Point TNS ;
+-----------------------------+-------+---------------+
; u0|altpll_0|sd1|pll7|clk[1] ; 7.373 ; 0.000         ;
+-----------------------------+-------+---------------+


+-----------------------------------------------------+
; Slow 1200mV -40C Model Removal Summary              ;
+-----------------------------+-------+---------------+
; Clock                       ; Slack ; End Point TNS ;
+-----------------------------+-------+---------------+
; u0|altpll_0|sd1|pll7|clk[1] ; 1.485 ; 0.000         ;
+-----------------------------+-------+---------------+


+------------------------------------------------------+
; Slow 1200mV -40C Model Minimum Pulse Width Summary   ;
+-----------------------------+--------+---------------+
; Clock                       ; Slack  ; End Point TNS ;
+-----------------------------+--------+---------------+
; u0|altpll_0|sd1|pll7|clk[1] ; 4.536  ; 0.000         ;
; clk50                       ; 9.903  ; 0.000         ;
; u0|altpll_0|sd1|pll7|clk[0] ; 44.633 ; 0.000         ;
+-----------------------------+--------+---------------+


------------------------------------------------
; Slow 1200mV -40C Model Metastability Summary ;
------------------------------------------------
Worst-Case MTBF of Design is 1e+09 years or 3.15e+16 seconds.
Typical MTBF of Design is 1e+09 years or 3.15e+16 seconds.

Number of Synchronizer Chains Found: 14
Shortest Synchronizer Chain: 2 Registers
Fraction of Chains for which MTBFs Could Not be Calculated: 0.857
Worst Case Available Settling Time: 15.729 ns

Worst-Case MTBF values are calculated based on the worst-case silicon characteristics, with worst-case operating conditions.
  - Under worst-case conditions, an increase of 100ps in available settling time will increase MTBF values by a factor of 1.5
Typical MTBF values are calculated based on the nominal silicon characteristics, at nominal operating conditions.
  - Under typical conditions, an increase of 100ps in available settling time will increase MTBF values by a factor of 3.7



+-----------------------------------------------------+
; Fast 1200mV -40C Model Setup Summary                ;
+-----------------------------+-------+---------------+
; Clock                       ; Slack ; End Point TNS ;
+-----------------------------+-------+---------------+
; u0|altpll_0|sd1|pll7|clk[1] ; 7.144 ; 0.000         ;
+-----------------------------+-------+---------------+


+-----------------------------------------------------+
; Fast 1200mV -40C Model Hold Summary                 ;
+-----------------------------+-------+---------------+
; Clock                       ; Slack ; End Point TNS ;
+-----------------------------+-------+---------------+
; u0|altpll_0|sd1|pll7|clk[1] ; 0.143 ; 0.000         ;
+-----------------------------+-------+---------------+


+-----------------------------------------------------+
; Fast 1200mV -40C Model Recovery Summary             ;
+-----------------------------+-------+---------------+
; Clock                       ; Slack ; End Point TNS ;
+-----------------------------+-------+---------------+
; u0|altpll_0|sd1|pll7|clk[1] ; 8.636 ; 0.000         ;
+-----------------------------+-------+---------------+


+-----------------------------------------------------+
; Fast 1200mV -40C Model Removal Summary              ;
+-----------------------------+-------+---------------+
; Clock                       ; Slack ; End Point TNS ;
+-----------------------------+-------+---------------+
; u0|altpll_0|sd1|pll7|clk[1] ; 0.726 ; 0.000         ;
+-----------------------------+-------+---------------+


+------------------------------------------------------+
; Fast 1200mV -40C Model Minimum Pulse Width Summary   ;
+-----------------------------+--------+---------------+
; Clock                       ; Slack  ; End Point TNS ;
+-----------------------------+--------+---------------+
; u0|altpll_0|sd1|pll7|clk[1] ; 4.725  ; 0.000         ;
; clk50                       ; 9.648  ; 0.000         ;
; u0|altpll_0|sd1|pll7|clk[0] ; 44.904 ; 0.000         ;
+-----------------------------+--------+---------------+


------------------------------------------------
; Fast 1200mV -40C Model Metastability Summary ;
------------------------------------------------
Worst-Case MTBF of Design is 1e+09 years or 3.15e+16 seconds.
Typical MTBF of Design is 1e+09 years or 3.15e+16 seconds.

Number of Synchronizer Chains Found: 14
Shortest Synchronizer Chain: 2 Registers
Fraction of Chains for which MTBFs Could Not be Calculated: 0.857
Worst Case Available Settling Time: 18.067 ns

Worst-Case MTBF values are calculated based on the worst-case silicon characteristics, with worst-case operating conditions.
  - Under worst-case conditions, an increase of 100ps in available settling time will increase MTBF values by a factor of 1.5
Typical MTBF values are calculated based on the nominal silicon characteristics, at nominal operating conditions.
  - Under typical conditions, an increase of 100ps in available settling time will increase MTBF values by a factor of 3.7



+-----------------------------------------------------------------------------------------+
; Multicorner Timing Analysis Summary                                                     ;
+------------------------------+-------+-------+----------+---------+---------------------+
; Clock                        ; Setup ; Hold  ; Recovery ; Removal ; Minimum Pulse Width ;
+------------------------------+-------+-------+----------+---------+---------------------+
; Worst-case Slack             ; 2.889 ; 0.143 ; 7.117    ; 0.726   ; 4.536               ;
;  clk50                       ; N/A   ; N/A   ; N/A      ; N/A     ; 9.648               ;
;  u0|altpll_0|sd1|pll7|clk[0] ; N/A   ; N/A   ; N/A      ; N/A     ; 44.574              ;
;  u0|altpll_0|sd1|pll7|clk[1] ; 2.889 ; 0.143 ; 7.117    ; 0.726   ; 4.536               ;
; Design-wide TNS              ; 0.0   ; 0.0   ; 0.0      ; 0.0     ; 0.0                 ;
;  clk50                       ; N/A   ; N/A   ; N/A      ; N/A     ; 0.000               ;
;  u0|altpll_0|sd1|pll7|clk[0] ; N/A   ; N/A   ; N/A      ; N/A     ; 0.000               ;
;  u0|altpll_0|sd1|pll7|clk[1] ; 0.000 ; 0.000 ; 0.000    ; 0.000   ; 0.000               ;
+------------------------------+-------+-------+----------+---------+---------------------+


+-----------------------------------------------------------------------------------------------------------------------------------------------------------------------------------------------------------------------------------------------------------------------------------------------------------------------------------------------------------------------------------------------------------------+
; Board Trace Model Assignments                                                                                                                                                                                                                                                                                                                                                                                   ;
+--------------+--------------+-------------------+-------------------------+-------------------------+---------------+---------------------+----------------+------------------+--------+------------------+------------------------+------------------------+--------------+---------------+-----------------+-------+---------------------+--------------------+---------------+-----------------+-------------+
; Pin          ; I/O Standard ; Near Tline Length ; Near Tline L per Length ; Near Tline C per Length ; Near Series R ; Near Differential R ; Near Pull-up R ; Near Pull-down R ; Near C ; Far Tline Length ; Far Tline L per Length ; Far Tline C per Length ; Far Series R ; Far Pull-up R ; Far Pull-down R ; Far C ; Termination Voltage ; Far Differential R ; EBD File Name ; EBD Signal Name ; EBD Far-end ;
+--------------+--------------+-------------------+-------------------------+-------------------------+---------------+---------------------+----------------+------------------+--------+------------------+------------------------+------------------------+--------------+---------------+-----------------+-------+---------------------+--------------------+---------------+-----------------+-------------+
; led[0]       ; 2.5 V        ; 0 in              ; 0 H/in                  ; 0 F/in                  ; short         ; -                   ; open           ; open             ; open   ; 0 in             ; 0 H/in                 ; 0 F/in                 ; short        ; open          ; open            ; open  ; 0 V                 ; -                  ; n/a           ; n/a             ; n/a         ;
; led[1]       ; 2.5 V        ; 0 in              ; 0 H/in                  ; 0 F/in                  ; short         ; -                   ; open           ; open             ; open   ; 0 in             ; 0 H/in                 ; 0 F/in                 ; short        ; open          ; open            ; open  ; 0 V                 ; -                  ; n/a           ; n/a             ; n/a         ;
; led[2]       ; 2.5 V        ; 0 in              ; 0 H/in                  ; 0 F/in                  ; short         ; -                   ; open           ; open             ; open   ; 0 in             ; 0 H/in                 ; 0 F/in                 ; short        ; open          ; open            ; open  ; 0 V                 ; -                  ; n/a           ; n/a             ; n/a         ;
; ~ALTERA_TDO~ ; 2.5 V        ; 0 in              ; 0 H/in                  ; 0 F/in                  ; short         ; -                   ; open           ; open             ; open   ; 0 in             ; 0 H/in                 ; 0 F/in                 ; short        ; open          ; open            ; open  ; 0 V                 ; -                  ; n/a           ; n/a             ; n/a         ;
+--------------+--------------+-------------------+-------------------------+-------------------------+---------------+---------------------+----------------+------------------+--------+------------------+------------------------+------------------------+--------------+---------------+-----------------+-------+---------------------+--------------------+---------------+-----------------+-------------+


+---------------------------------------------------------------------------------+
; Input Transition Times                                                          ;
+---------------------+-----------------------+-----------------+-----------------+
; Pin                 ; I/O Standard          ; 10-90 Rise Time ; 90-10 Fall Time ;
+---------------------+-----------------------+-----------------+-----------------+
; clk50               ; 2.5 V                 ; 2000 ps         ; 2000 ps         ;
; ~ALTERA_TMS~        ; 2.5 V Schmitt Trigger ; 2000 ps         ; 2000 ps         ;
; ~ALTERA_TCK~        ; 2.5 V Schmitt Trigger ; 2000 ps         ; 2000 ps         ;
; ~ALTERA_TDI~        ; 2.5 V Schmitt Trigger ; 2000 ps         ; 2000 ps         ;
; ~ALTERA_CONFIG_SEL~ ; 2.5 V                 ; 2000 ps         ; 2000 ps         ;
; ~ALTERA_nCONFIG~    ; 2.5 V Schmitt Trigger ; 2000 ps         ; 2000 ps         ;
; ~ALTERA_nSTATUS~    ; 2.5 V Schmitt Trigger ; 2000 ps         ; 2000 ps         ;
; ~ALTERA_CONF_DONE~  ; 2.5 V Schmitt Trigger ; 2000 ps         ; 2000 ps         ;
; ~ALTERA_ADC1IN1~    ; 2.5 V                 ; 2000 ps         ; 2000 ps         ;
; ~ALTERA_ADC1IN2~    ; 2.5 V                 ; 2000 ps         ; 2000 ps         ;
; ~ALTERA_ADC1IN3~    ; 2.5 V                 ; 2000 ps         ; 2000 ps         ;
; ~ALTERA_ADC1IN4~    ; 2.5 V                 ; 2000 ps         ; 2000 ps         ;
; ~ALTERA_ADC1IN5~    ; 2.5 V                 ; 2000 ps         ; 2000 ps         ;
; ~ALTERA_ADC1IN6~    ; 2.5 V                 ; 2000 ps         ; 2000 ps         ;
; ~ALTERA_ADC1IN7~    ; 2.5 V                 ; 2000 ps         ; 2000 ps         ;
; ~ALTERA_ADC1IN8~    ; 2.5 V                 ; 2000 ps         ; 2000 ps         ;
+---------------------+-----------------------+-----------------+-----------------+


+-------------------------------------------------------------------------------------------------------------------------------------------------------------------------------------------------------------------------------------------------------------------------------------------------------------------------------------------------------------------------------------------------------------------------------------------------------------------------------------------------------------------------------------------------------------------------------------------------------------------------------------------------------------------------------------------+
; Signal Integrity Metrics (Slow 1200mv n40c Model)                                                                                                                                                                                                                                                                                                                                                                                                                                                                                                                                                                                                                                         ;
+--------------+--------------+---------------------+---------------------+------------------------------+------------------------------+---------------------+---------------------+--------------------------------------+--------------------------------------+-----------------------------+-----------------------------+----------------------------+----------------------------+-----------------------------+-----------------------------+--------------------+--------------------+-------------------------------------+-------------------------------------+----------------------------+----------------------------+---------------------------+---------------------------+
; Pin          ; I/O Standard ; Board Delay on Rise ; Board Delay on Fall ; Steady State Voh at FPGA Pin ; Steady State Vol at FPGA Pin ; Voh Max at FPGA Pin ; Vol Min at FPGA Pin ; Ringback Voltage on Rise at FPGA Pin ; Ringback Voltage on Fall at FPGA Pin ; 10-90 Rise Time at FPGA Pin ; 90-10 Fall Time at FPGA Pin ; Monotonic Rise at FPGA Pin ; Monotonic Fall at FPGA Pin ; Steady State Voh at Far-end ; Steady State Vol at Far-end ; Voh Max at Far-end ; Vol Min at Far-end ; Ringback Voltage on Rise at Far-end ; Ringback Voltage on Fall at Far-end ; 10-90 Rise Time at Far-end ; 90-10 Fall Time at Far-end ; Monotonic Rise at Far-end ; Monotonic Fall at Far-end ;
+--------------+--------------+---------------------+---------------------+------------------------------+------------------------------+---------------------+---------------------+--------------------------------------+--------------------------------------+-----------------------------+-----------------------------+----------------------------+----------------------------+-----------------------------+-----------------------------+--------------------+--------------------+-------------------------------------+-------------------------------------+----------------------------+----------------------------+---------------------------+---------------------------+
; led[0]       ; 2.5 V        ; 0 s                 ; 0 s                 ; 2.32 V                       ; 2.79e-09 V                   ; 2.43 V              ; -0.11 V             ; 0.25 V                               ; 0.136 V                              ; 2.82e-10 s                  ; 4.07e-10 s                  ; No                         ; No                         ; 2.32 V                      ; 2.79e-09 V                  ; 2.43 V             ; -0.11 V            ; 0.25 V                              ; 0.136 V                             ; 2.82e-10 s                 ; 4.07e-10 s                 ; No                        ; No                        ;
; led[1]       ; 2.5 V        ; 0 s                 ; 0 s                 ; 2.32 V                       ; 2.8e-09 V                    ; 2.43 V              ; -0.113 V            ; 0.249 V                              ; 0.141 V                              ; 2.82e-10 s                  ; 4.07e-10 s                  ; No                         ; No                         ; 2.32 V                      ; 2.8e-09 V                   ; 2.43 V             ; -0.113 V           ; 0.249 V                             ; 0.141 V                             ; 2.82e-10 s                 ; 4.07e-10 s                 ; No                        ; No                        ;
; led[2]       ; 2.5 V        ; 0 s                 ; 0 s                 ; 2.32 V                       ; 2.8e-09 V                    ; 2.43 V              ; -0.113 V            ; 0.249 V                              ; 0.141 V                              ; 2.82e-10 s                  ; 4.07e-10 s                  ; No                         ; No                         ; 2.32 V                      ; 2.8e-09 V                   ; 2.43 V             ; -0.113 V           ; 0.249 V                             ; 0.141 V                             ; 2.82e-10 s                 ; 4.07e-10 s                 ; No                        ; No                        ;
; ~ALTERA_TDO~ ; 2.5 V        ; 0 s                 ; 0 s                 ; 2.32 V                       ; 4.67e-09 V                   ; 2.4 V               ; -0.0615 V           ; 0.182 V                              ; 0.244 V                              ; 4.53e-10 s                  ; 4.59e-10 s                  ; No                         ; No                         ; 2.32 V                      ; 4.67e-09 V                  ; 2.4 V              ; -0.0615 V          ; 0.182 V                             ; 0.244 V                             ; 4.53e-10 s                 ; 4.59e-10 s                 ; No                        ; No                        ;
+--------------+--------------+---------------------+---------------------+------------------------------+------------------------------+---------------------+---------------------+--------------------------------------+--------------------------------------+-----------------------------+-----------------------------+----------------------------+----------------------------+-----------------------------+-----------------------------+--------------------+--------------------+-------------------------------------+-------------------------------------+----------------------------+----------------------------+---------------------------+---------------------------+


+-------------------------------------------------------------------------------------------------------------------------------------------------------------------------------------------------------------------------------------------------------------------------------------------------------------------------------------------------------------------------------------------------------------------------------------------------------------------------------------------------------------------------------------------------------------------------------------------------------------------------------------------------------------------------------------------+
; Signal Integrity Metrics (Slow 1200mv 100c Model)                                                                                                                                                                                                                                                                                                                                                                                                                                                                                                                                                                                                                                         ;
+--------------+--------------+---------------------+---------------------+------------------------------+------------------------------+---------------------+---------------------+--------------------------------------+--------------------------------------+-----------------------------+-----------------------------+----------------------------+----------------------------+-----------------------------+-----------------------------+--------------------+--------------------+-------------------------------------+-------------------------------------+----------------------------+----------------------------+---------------------------+---------------------------+
; Pin          ; I/O Standard ; Board Delay on Rise ; Board Delay on Fall ; Steady State Voh at FPGA Pin ; Steady State Vol at FPGA Pin ; Voh Max at FPGA Pin ; Vol Min at FPGA Pin ; Ringback Voltage on Rise at FPGA Pin ; Ringback Voltage on Fall at FPGA Pin ; 10-90 Rise Time at FPGA Pin ; 90-10 Fall Time at FPGA Pin ; Monotonic Rise at FPGA Pin ; Monotonic Fall at FPGA Pin ; Steady State Voh at Far-end ; Steady State Vol at Far-end ; Voh Max at Far-end ; Vol Min at Far-end ; Ringback Voltage on Rise at Far-end ; Ringback Voltage on Fall at Far-end ; 10-90 Rise Time at Far-end ; 90-10 Fall Time at Far-end ; Monotonic Rise at Far-end ; Monotonic Fall at Far-end ;
+--------------+--------------+---------------------+---------------------+------------------------------+------------------------------+---------------------+---------------------+--------------------------------------+--------------------------------------+-----------------------------+-----------------------------+----------------------------+----------------------------+-----------------------------+-----------------------------+--------------------+--------------------+-------------------------------------+-------------------------------------+----------------------------+----------------------------+---------------------------+---------------------------+
; led[0]       ; 2.5 V        ; 0 s                 ; 0 s                 ; 2.32 V                       ; 2.38e-06 V                   ; 2.37 V              ; -0.0454 V           ; 0.16 V                               ; 0.203 V                              ; 4.69e-10 s                  ; 4.62e-10 s                  ; Yes                        ; Yes                        ; 2.32 V                      ; 2.38e-06 V                  ; 2.37 V             ; -0.0454 V          ; 0.16 V                              ; 0.203 V                             ; 4.69e-10 s                 ; 4.62e-10 s                 ; Yes                       ; Yes                       ;
; led[1]       ; 2.5 V        ; 0 s                 ; 0 s                 ; 2.32 V                       ; 2.38e-06 V                   ; 2.37 V              ; -0.045 V            ; 0.159 V                              ; 0.204 V                              ; 4.69e-10 s                  ; 4.62e-10 s                  ; Yes                        ; Yes                        ; 2.32 V                      ; 2.38e-06 V                  ; 2.37 V             ; -0.045 V           ; 0.159 V                             ; 0.204 V                             ; 4.69e-10 s                 ; 4.62e-10 s                 ; Yes                       ; Yes                       ;
; led[2]       ; 2.5 V        ; 0 s                 ; 0 s                 ; 2.32 V                       ; 2.38e-06 V                   ; 2.37 V              ; -0.045 V            ; 0.159 V                              ; 0.204 V                              ; 4.69e-10 s                  ; 4.62e-10 s                  ; Yes                        ; Yes                        ; 2.32 V                      ; 2.38e-06 V                  ; 2.37 V             ; -0.045 V           ; 0.159 V                             ; 0.204 V                             ; 4.69e-10 s                 ; 4.62e-10 s                 ; Yes                       ; Yes                       ;
; ~ALTERA_TDO~ ; 2.5 V        ; 0 s                 ; 0 s                 ; 2.32 V                       ; 4.02e-06 V                   ; 2.36 V              ; -0.0151 V           ; 0.153 V                              ; 0.106 V                              ; 6.51e-10 s                  ; 7.55e-10 s                  ; No                         ; Yes                        ; 2.32 V                      ; 4.02e-06 V                  ; 2.36 V             ; -0.0151 V          ; 0.153 V                             ; 0.106 V                             ; 6.51e-10 s                 ; 7.55e-10 s                 ; No                        ; Yes                       ;
+--------------+--------------+---------------------+---------------------+------------------------------+------------------------------+---------------------+---------------------+--------------------------------------+--------------------------------------+-----------------------------+-----------------------------+----------------------------+----------------------------+-----------------------------+-----------------------------+--------------------+--------------------+-------------------------------------+-------------------------------------+----------------------------+----------------------------+---------------------------+---------------------------+


+-------------------------------------------------------------------------------------------------------------------------------------------------------------------------------------------------------------------------------------------------------------------------------------------------------------------------------------------------------------------------------------------------------------------------------------------------------------------------------------------------------------------------------------------------------------------------------------------------------------------------------------------------------------------------------------------+
; Signal Integrity Metrics (Fast 1200mv n40c Model)                                                                                                                                                                                                                                                                                                                                                                                                                                                                                                                                                                                                                                         ;
+--------------+--------------+---------------------+---------------------+------------------------------+------------------------------+---------------------+---------------------+--------------------------------------+--------------------------------------+-----------------------------+-----------------------------+----------------------------+----------------------------+-----------------------------+-----------------------------+--------------------+--------------------+-------------------------------------+-------------------------------------+----------------------------+----------------------------+---------------------------+---------------------------+
; Pin          ; I/O Standard ; Board Delay on Rise ; Board Delay on Fall ; Steady State Voh at FPGA Pin ; Steady State Vol at FPGA Pin ; Voh Max at FPGA Pin ; Vol Min at FPGA Pin ; Ringback Voltage on Rise at FPGA Pin ; Ringback Voltage on Fall at FPGA Pin ; 10-90 Rise Time at FPGA Pin ; 90-10 Fall Time at FPGA Pin ; Monotonic Rise at FPGA Pin ; Monotonic Fall at FPGA Pin ; Steady State Voh at Far-end ; Steady State Vol at Far-end ; Voh Max at Far-end ; Vol Min at Far-end ; Ringback Voltage on Rise at Far-end ; Ringback Voltage on Fall at Far-end ; 10-90 Rise Time at Far-end ; 90-10 Fall Time at Far-end ; Monotonic Rise at Far-end ; Monotonic Fall at Far-end ;
+--------------+--------------+---------------------+---------------------+------------------------------+------------------------------+---------------------+---------------------+--------------------------------------+--------------------------------------+-----------------------------+-----------------------------+----------------------------+----------------------------+-----------------------------+-----------------------------+--------------------+--------------------+-------------------------------------+-------------------------------------+----------------------------+----------------------------+---------------------------+---------------------------+
; led[0]       ; 2.5 V        ; 0 s                 ; 0 s                 ; 2.62 V                       ; 8.38e-09 V                   ; 2.81 V              ; -0.0554 V           ; 0.246 V                              ; 0.091 V                              ; 2.59e-10 s                  ; 2.54e-10 s                  ; No                         ; Yes                        ; 2.62 V                      ; 8.38e-09 V                  ; 2.81 V             ; -0.0554 V          ; 0.246 V                             ; 0.091 V                             ; 2.59e-10 s                 ; 2.54e-10 s                 ; No                        ; Yes                       ;
; led[1]       ; 2.5 V        ; 0 s                 ; 0 s                 ; 2.62 V                       ; 8.38e-09 V                   ; 2.81 V              ; -0.0548 V           ; 0.247 V                              ; 0.09 V                               ; 2.59e-10 s                  ; 2.54e-10 s                  ; No                         ; Yes                        ; 2.62 V                      ; 8.38e-09 V                  ; 2.81 V             ; -0.0548 V          ; 0.247 V                             ; 0.09 V                              ; 2.59e-10 s                 ; 2.54e-10 s                 ; No                        ; Yes                       ;
; led[2]       ; 2.5 V        ; 0 s                 ; 0 s                 ; 2.62 V                       ; 8.38e-09 V                   ; 2.81 V              ; -0.0548 V           ; 0.247 V                              ; 0.09 V                               ; 2.59e-10 s                  ; 2.54e-10 s                  ; No                         ; Yes                        ; 2.62 V                      ; 8.38e-09 V                  ; 2.81 V             ; -0.0548 V          ; 0.247 V                             ; 0.09 V                              ; 2.59e-10 s                 ; 2.54e-10 s                 ; No                        ; Yes                       ;
; ~ALTERA_TDO~ ; 2.5 V        ; 0 s                 ; 0 s                 ; 2.62 V                       ; 1.41e-08 V                   ; 2.76 V              ; -0.0557 V           ; 0.312 V                              ; 0.096 V                              ; 2.82e-10 s                  ; 4.04e-10 s                  ; No                         ; Yes                        ; 2.62 V                      ; 1.41e-08 V                  ; 2.76 V             ; -0.0557 V          ; 0.312 V                             ; 0.096 V                             ; 2.82e-10 s                 ; 4.04e-10 s                 ; No                        ; Yes                       ;
+--------------+--------------+---------------------+---------------------+------------------------------+------------------------------+---------------------+---------------------+--------------------------------------+--------------------------------------+-----------------------------+-----------------------------+----------------------------+----------------------------+-----------------------------+-----------------------------+--------------------+--------------------+-------------------------------------+-------------------------------------+----------------------------+----------------------------+---------------------------+---------------------------+


+-------------------------------------------------------------------------------------------------------+
; Setup Transfers                                                                                       ;
+-----------------------------+-----------------------------+----------+----------+----------+----------+
; From Clock                  ; To Clock                    ; RR Paths ; FR Paths ; RF Paths ; FF Paths ;
+-----------------------------+-----------------------------+----------+----------+----------+----------+
; u0|altpll_0|sd1|pll7|clk[1] ; u0|altpll_0|sd1|pll7|clk[0] ; 9        ; 0        ; 0        ; 0        ;
; u0|altpll_0|sd1|pll7|clk[0] ; u0|altpll_0|sd1|pll7|clk[1] ; 14       ; 1        ; 0        ; 0        ;
; u0|altpll_0|sd1|pll7|clk[1] ; u0|altpll_0|sd1|pll7|clk[1] ; 82803    ; 0        ; 0        ; 0        ;
+-----------------------------+-----------------------------+----------+----------+----------+----------+
Entries labeled "false path" only account for clock-to-clock false paths and not path-based false paths. As a result, actual path counts may be lower than reported.


+-------------------------------------------------------------------------------------------------------+
; Hold Transfers                                                                                        ;
+-----------------------------+-----------------------------+----------+----------+----------+----------+
; From Clock                  ; To Clock                    ; RR Paths ; FR Paths ; RF Paths ; FF Paths ;
+-----------------------------+-----------------------------+----------+----------+----------+----------+
; u0|altpll_0|sd1|pll7|clk[1] ; u0|altpll_0|sd1|pll7|clk[0] ; 9        ; 0        ; 0        ; 0        ;
; u0|altpll_0|sd1|pll7|clk[0] ; u0|altpll_0|sd1|pll7|clk[1] ; 14       ; 1        ; 0        ; 0        ;
; u0|altpll_0|sd1|pll7|clk[1] ; u0|altpll_0|sd1|pll7|clk[1] ; 82803    ; 0        ; 0        ; 0        ;
+-----------------------------+-----------------------------+----------+----------+----------+----------+
Entries labeled "false path" only account for clock-to-clock false paths and not path-based false paths. As a result, actual path counts may be lower than reported.


+-------------------------------------------------------------------------------------------------------+
; Recovery Transfers                                                                                    ;
+-----------------------------+-----------------------------+----------+----------+----------+----------+
; From Clock                  ; To Clock                    ; RR Paths ; FR Paths ; RF Paths ; FF Paths ;
+-----------------------------+-----------------------------+----------+----------+----------+----------+
; u0|altpll_0|sd1|pll7|clk[1] ; u0|altpll_0|sd1|pll7|clk[1] ; 63       ; 0        ; 0        ; 0        ;
+-----------------------------+-----------------------------+----------+----------+----------+----------+
Entries labeled "false path" only account for clock-to-clock false paths and not path-based false paths. As a result, actual path counts may be lower than reported.


+-------------------------------------------------------------------------------------------------------+
; Removal Transfers                                                                                     ;
+-----------------------------+-----------------------------+----------+----------+----------+----------+
; From Clock                  ; To Clock                    ; RR Paths ; FR Paths ; RF Paths ; FF Paths ;
+-----------------------------+-----------------------------+----------+----------+----------+----------+
; u0|altpll_0|sd1|pll7|clk[1] ; u0|altpll_0|sd1|pll7|clk[1] ; 63       ; 0        ; 0        ; 0        ;
+-----------------------------+-----------------------------+----------+----------+----------+----------+
Entries labeled "false path" only account for clock-to-clock false paths and not path-based false paths. As a result, actual path counts may be lower than reported.


---------------
; Report TCCS ;
---------------
No dedicated SERDES Transmitter circuitry present in device or used in design


---------------
; Report RSKM ;
---------------
No non-DPA dedicated SERDES Receiver circuitry present in device or used in design


+------------------------------------------------+
; Unconstrained Paths Summary                    ;
+---------------------------------+-------+------+
; Property                        ; Setup ; Hold ;
+---------------------------------+-------+------+
; Illegal Clocks                  ; 0     ; 0    ;
; Unconstrained Clocks            ; 0     ; 0    ;
; Unconstrained Input Ports       ; 0     ; 0    ;
; Unconstrained Input Port Paths  ; 0     ; 0    ;
; Unconstrained Output Ports      ; 3     ; 3    ;
; Unconstrained Output Port Paths ; 3     ; 3    ;
+---------------------------------+-------+------+


+-------------------------------------------------------------------------------------+
; Clock Status Summary                                                                ;
+-----------------------------+-----------------------------+-----------+-------------+
; Target                      ; Clock                       ; Type      ; Status      ;
+-----------------------------+-----------------------------+-----------+-------------+
; clk50                       ; clk50                       ; Base      ; Constrained ;
; u0|altpll_0|sd1|pll7|clk[0] ; u0|altpll_0|sd1|pll7|clk[0] ; Generated ; Constrained ;
; u0|altpll_0|sd1|pll7|clk[1] ; u0|altpll_0|sd1|pll7|clk[1] ; Generated ; Constrained ;
+-----------------------------+-----------------------------+-----------+-------------+


+-----------------------------------------------------------------------------------------------------+
; Unconstrained Output Ports                                                                          ;
+-------------+---------------------------------------------------------------------------------------+
; Output Port ; Comment                                                                               ;
+-------------+---------------------------------------------------------------------------------------+
; led[0]      ; No output delay, min/max delays, false-path exceptions, or max skew assignments found ;
; led[1]      ; No output delay, min/max delays, false-path exceptions, or max skew assignments found ;
; led[2]      ; No output delay, min/max delays, false-path exceptions, or max skew assignments found ;
+-------------+---------------------------------------------------------------------------------------+


+-----------------------------------------------------------------------------------------------------+
; Unconstrained Output Ports                                                                          ;
+-------------+---------------------------------------------------------------------------------------+
; Output Port ; Comment                                                                               ;
+-------------+---------------------------------------------------------------------------------------+
; led[0]      ; No output delay, min/max delays, false-path exceptions, or max skew assignments found ;
; led[1]      ; No output delay, min/max delays, false-path exceptions, or max skew assignments found ;
; led[2]      ; No output delay, min/max delays, false-path exceptions, or max skew assignments found ;
+-------------+---------------------------------------------------------------------------------------+


+--------------------------+
; Timing Analyzer Messages ;
+--------------------------+
Info: *******************************************************************
Info: Running Quartus Prime Timing Analyzer
    Info: Version 23.1std.1 Build 993 05/14/2024 SC Lite Edition
    Info: Processing started: Sun Oct 27 13:52:38 2024
Info: Command: quartus_sta cnn_vibration_monior_10M08 -c cnn_vibration_monior_10M08
Info: qsta_default_script.tcl version: #1
Warning (18236): Number of processors has not been specified which may cause overloading on shared machines.  Set the global assignment NUM_PARALLEL_PROCESSORS in your QSF to an appropriate value for best performance.
Info (20030): Parallel compilation is enabled and will use 10 of the 10 processors detected
Info (21077): Low junction temperature is -40 degrees C
Info (21077): High junction temperature is 100 degrees C
Info (332164): Evaluating HDL-embedded SDC commands
    Info (332165): Entity altera_std_synchronizer
        Info (332166): set_false_path -to [get_keepers {*altera_std_synchronizer:*|din_s1}]
Info (332104): Reading SDC File: 'cnn_vibration_monior_10M08.sdc'
Info (332151): Clock uncertainty is not calculated until you update the timing netlist.
Warning (332174): Ignored filter at cnn_vibration_monior_10M08.sdc(3): led could not be matched with a port File: C:/Users/harry/OneDrive - University of Bath/VibeAI/1dcnn/quartus/cnn_vibration_monitor_example_design_10M08/cnn_vibration_monior_10M08.sdc Line: 3
Warning (332049): Ignored set_false_path at cnn_vibration_monior_10M08.sdc(3): Argument <to> is an empty collection File: C:/Users/harry/OneDrive - University of Bath/VibeAI/1dcnn/quartus/cnn_vibration_monitor_example_design_10M08/cnn_vibration_monior_10M08.sdc Line: 3
    Info (332050): set_false_path -from {m10_cnn1d:cnn1d|cnn_condition} -to [get_ports {led}] File: C:/Users/harry/OneDrive - University of Bath/VibeAI/1dcnn/quartus/cnn_vibration_monitor_example_design_10M08/cnn_vibration_monior_10M08.sdc Line: 3
Info (332110): Deriving PLL clocks
    Info (332110): create_generated_clock -source {u0|altpll_0|sd1|pll7|inclk[0]} -divide_by 5 -duty_cycle 50.00 -name {u0|altpll_0|sd1|pll7|clk[0]} {u0|altpll_0|sd1|pll7|clk[0]}
    Info (332110): create_generated_clock -source {u0|altpll_0|sd1|pll7|inclk[0]} -multiply_by 2 -duty_cycle 50.00 -name {u0|altpll_0|sd1|pll7|clk[1]} {u0|altpll_0|sd1|pll7|clk[1]}
Info (332104): Reading SDC File: 'c:/users/harry/onedrive - university of bath/vibeai/1dcnn/quartus/cnn_vibration_monitor_example_design_10m08/db/ip/adc/submodules/altera_modular_adc_control.sdc'
Info (332104): Reading SDC File: 'c:/users/harry/onedrive - university of bath/vibeai/1dcnn/quartus/cnn_vibration_monitor_example_design_10m08/db/ip/adc/submodules/altera_reset_controller.sdc'
Info (332097): The following timing edges are non-unate.  The Timing Analyzer will assume pos-unate behavior for these edges in the clock network.
    Info (332098): From: u0|modular_adc_0|control_internal|adc_inst|adcblock_instance|primitive_instance|clkin_from_pll_c0  to: adc:u0|adc_modular_adc_0:modular_adc_0|altera_modular_adc_control:control_internal|fiftyfivenm_adcblock_top_wrapper:adc_inst|fiftyfivenm_adcblock_primitive_wrapper:adcblock_instance|eoc
Info (332123): Deriving Clock Uncertainty. Please refer to report_sdc in the Timing Analyzer to see clock uncertainties.
Info: Found TIMING_ANALYZER_REPORT_SCRIPT_INCLUDE_DEFAULT_ANALYSIS = ON
Info: Analyzing Slow 1200mV 100C Model
Info: Can't run Report Timing Closure Recommendations. The current device family is not supported.
Info (332146): Worst-case setup slack is 2.889
    Info (332119):     Slack       End Point TNS Clock 
    Info (332119): ========= =================== =====================
    Info (332119):     2.889               0.000 u0|altpll_0|sd1|pll7|clk[1] 
Info (332146): Worst-case hold slack is 0.345
    Info (332119):     Slack       End Point TNS Clock 
    Info (332119): ========= =================== =====================
    Info (332119):     0.345               0.000 u0|altpll_0|sd1|pll7|clk[1] 
Info (332146): Worst-case recovery slack is 7.117
    Info (332119):     Slack       End Point TNS Clock 
    Info (332119): ========= =================== =====================
    Info (332119):     7.117               0.000 u0|altpll_0|sd1|pll7|clk[1] 
Info (332146): Worst-case removal slack is 1.727
    Info (332119):     Slack       End Point TNS Clock 
    Info (332119): ========= =================== =====================
    Info (332119):     1.727               0.000 u0|altpll_0|sd1|pll7|clk[1] 
Info (332146): Worst-case minimum pulse width slack is 4.536
    Info (332119):     Slack       End Point TNS Clock 
    Info (332119): ========= =================== =====================
    Info (332119):     4.536               0.000 u0|altpll_0|sd1|pll7|clk[1] 
    Info (332119):     9.848               0.000 clk50 
    Info (332119):    44.574               0.000 u0|altpll_0|sd1|pll7|clk[0] 
Info (332114): Report Metastability: Found 14 synchronizer chains.
    Info (332114): Worst-Case MTBF of Design is 1e+09 years or 3.15e+16 seconds.
    Info (332114): Typical MTBF of Design is 1e+09 years or 3.15e+16 seconds.

    Info (332114): Number of Synchronizer Chains Found: 14
    Info (332114): Shortest Synchronizer Chain: 2 Registers
    Info (332114): Fraction of Chains for which MTBFs Could Not be Calculated: 0.857
    Info (332114): Worst Case Available Settling Time: 15.152 ns
    Info (332114): 
    Info (332114): Worst-Case MTBF values are calculated based on the worst-case silicon characteristics, with worst-case operating conditions.
    Info (332114):   - Under worst-case conditions, an increase of 100ps in available settling time will increase MTBF values by a factor of 1.5
    Info (332114): Typical MTBF values are calculated based on the nominal silicon characteristics, at nominal operating conditions.
    Info (332114):   - Under typical conditions, an increase of 100ps in available settling time will increase MTBF values by a factor of 3.7
Info: Analyzing Slow 1200mV -40C Model
Info (334003): Started post-fitting delay annotation
Info (334004): Delay annotation completed successfully
Info (332097): The following timing edges are non-unate.  The Timing Analyzer will assume pos-unate behavior for these edges in the clock network.
    Info (332098): From: u0|modular_adc_0|control_internal|adc_inst|adcblock_instance|primitive_instance|clkin_from_pll_c0  to: adc:u0|adc_modular_adc_0:modular_adc_0|altera_modular_adc_control:control_internal|fiftyfivenm_adcblock_top_wrapper:adc_inst|fiftyfivenm_adcblock_primitive_wrapper:adcblock_instance|eoc
Info (332123): Deriving Clock Uncertainty. Please refer to report_sdc in the Timing Analyzer to see clock uncertainties.
Info (332146): Worst-case setup slack is 3.852
    Info (332119):     Slack       End Point TNS Clock 
    Info (332119): ========= =================== =====================
    Info (332119):     3.852               0.000 u0|altpll_0|sd1|pll7|clk[1] 
Info (332146): Worst-case hold slack is 0.297
    Info (332119):     Slack       End Point TNS Clock 
    Info (332119): ========= =================== =====================
    Info (332119):     0.297               0.000 u0|altpll_0|sd1|pll7|clk[1] 
Info (332146): Worst-case recovery slack is 7.373
    Info (332119):     Slack       End Point TNS Clock 
    Info (332119): ========= =================== =====================
    Info (332119):     7.373               0.000 u0|altpll_0|sd1|pll7|clk[1] 
Info (332146): Worst-case removal slack is 1.485
    Info (332119):     Slack       End Point TNS Clock 
    Info (332119): ========= =================== =====================
    Info (332119):     1.485               0.000 u0|altpll_0|sd1|pll7|clk[1] 
Info (332146): Worst-case minimum pulse width slack is 4.536
    Info (332119):     Slack       End Point TNS Clock 
    Info (332119): ========= =================== =====================
    Info (332119):     4.536               0.000 u0|altpll_0|sd1|pll7|clk[1] 
    Info (332119):     9.903               0.000 clk50 
    Info (332119):    44.633               0.000 u0|altpll_0|sd1|pll7|clk[0] 
Info (332114): Report Metastability: Found 14 synchronizer chains.
    Info (332114): Worst-Case MTBF of Design is 1e+09 years or 3.15e+16 seconds.
    Info (332114): Typical MTBF of Design is 1e+09 years or 3.15e+16 seconds.

    Info (332114): Number of Synchronizer Chains Found: 14
    Info (332114): Shortest Synchronizer Chain: 2 Registers
    Info (332114): Fraction of Chains for which MTBFs Could Not be Calculated: 0.857
    Info (332114): Worst Case Available Settling Time: 15.729 ns
    Info (332114): 
    Info (332114): Worst-Case MTBF values are calculated based on the worst-case silicon characteristics, with worst-case operating conditions.
    Info (332114):   - Under worst-case conditions, an increase of 100ps in available settling time will increase MTBF values by a factor of 1.5
    Info (332114): Typical MTBF values are calculated based on the nominal silicon characteristics, at nominal operating conditions.
    Info (332114):   - Under typical conditions, an increase of 100ps in available settling time will increase MTBF values by a factor of 3.7
Info: Analyzing Fast 1200mV -40C Model
Info (332097): The following timing edges are non-unate.  The Timing Analyzer will assume pos-unate behavior for these edges in the clock network.
    Info (332098): From: u0|modular_adc_0|control_internal|adc_inst|adcblock_instance|primitive_instance|clkin_from_pll_c0  to: adc:u0|adc_modular_adc_0:modular_adc_0|altera_modular_adc_control:control_internal|fiftyfivenm_adcblock_top_wrapper:adc_inst|fiftyfivenm_adcblock_primitive_wrapper:adcblock_instance|eoc
Info (332123): Deriving Clock Uncertainty. Please refer to report_sdc in the Timing Analyzer to see clock uncertainties.
Info (332146): Worst-case setup slack is 7.144
    Info (332119):     Slack       End Point TNS Clock 
    Info (332119): ========= =================== =====================
    Info (332119):     7.144               0.000 u0|altpll_0|sd1|pll7|clk[1] 
Info (332146): Worst-case hold slack is 0.143
    Info (332119):     Slack       End Point TNS Clock 
    Info (332119): ========= =================== =====================
    Info (332119):     0.143               0.000 u0|altpll_0|sd1|pll7|clk[1] 
Info (332146): Worst-case recovery slack is 8.636
    Info (332119):     Slack       End Point TNS Clock 
    Info (332119): ========= =================== =====================
    Info (332119):     8.636               0.000 u0|altpll_0|sd1|pll7|clk[1] 
Info (332146): Worst-case removal slack is 0.726
    Info (332119):     Slack       End Point TNS Clock 
    Info (332119): ========= =================== =====================
    Info (332119):     0.726               0.000 u0|altpll_0|sd1|pll7|clk[1] 
Info (332146): Worst-case minimum pulse width slack is 4.725
    Info (332119):     Slack       End Point TNS Clock 
    Info (332119): ========= =================== =====================
    Info (332119):     4.725               0.000 u0|altpll_0|sd1|pll7|clk[1] 
    Info (332119):     9.648               0.000 clk50 
    Info (332119):    44.904               0.000 u0|altpll_0|sd1|pll7|clk[0] 
Info (332114): Report Metastability: Found 14 synchronizer chains.
    Info (332114): Worst-Case MTBF of Design is 1e+09 years or 3.15e+16 seconds.
    Info (332114): Typical MTBF of Design is 1e+09 years or 3.15e+16 seconds.

    Info (332114): Number of Synchronizer Chains Found: 14
    Info (332114): Shortest Synchronizer Chain: 2 Registers
    Info (332114): Fraction of Chains for which MTBFs Could Not be Calculated: 0.857
    Info (332114): Worst Case Available Settling Time: 18.067 ns
    Info (332114): 
    Info (332114): Worst-Case MTBF values are calculated based on the worst-case silicon characteristics, with worst-case operating conditions.
    Info (332114):   - Under worst-case conditions, an increase of 100ps in available settling time will increase MTBF values by a factor of 1.5
    Info (332114): Typical MTBF values are calculated based on the nominal silicon characteristics, at nominal operating conditions.
    Info (332114):   - Under typical conditions, an increase of 100ps in available settling time will increase MTBF values by a factor of 3.7
Info (332102): Design is not fully constrained for setup requirements
Info (332102): Design is not fully constrained for hold requirements
Info: Quartus Prime Timing Analyzer was successful. 0 errors, 3 warnings
    Info: Peak virtual memory: 4881 megabytes
    Info: Processing ended: Sun Oct 27 13:52:41 2024
    Info: Elapsed time: 00:00:03
    Info: Total CPU time (on all processors): 00:00:03


