Timing Analyzer report for cnn_vibration_monitor_10M50
Sat Sep  7 22:52:40 2024
Quartus Prime Version 23.1std.1 Build 993 05/14/2024 SC Lite Edition


---------------------
; Table of Contents ;
---------------------
  1. Legal Notice
  2. Timing Analyzer Summary
  3. Parallel Compilation
  4. SDC File List
  5. Clocks
  6. Slow 1200mV 85C Model Fmax Summary
  7. Slow 1200mV 85C Model Setup Summary
  8. Slow 1200mV 85C Model Hold Summary
  9. Slow 1200mV 85C Model Recovery Summary
 10. Slow 1200mV 85C Model Removal Summary
 11. Slow 1200mV 85C Model Minimum Pulse Width Summary
 12. Slow 1200mV 85C Model Metastability Summary
 13. Slow 1200mV 0C Model Fmax Summary
 14. Slow 1200mV 0C Model Setup Summary
 15. Slow 1200mV 0C Model Hold Summary
 16. Slow 1200mV 0C Model Recovery Summary
 17. Slow 1200mV 0C Model Removal Summary
 18. Slow 1200mV 0C Model Minimum Pulse Width Summary
 19. Slow 1200mV 0C Model Metastability Summary
 20. Fast 1200mV 0C Model Setup Summary
 21. Fast 1200mV 0C Model Hold Summary
 22. Fast 1200mV 0C Model Recovery Summary
 23. Fast 1200mV 0C Model Removal Summary
 24. Fast 1200mV 0C Model Minimum Pulse Width Summary
 25. Fast 1200mV 0C Model Metastability Summary
 26. Multicorner Timing Analysis Summary
 27. Board Trace Model Assignments
 28. Input Transition Times
 29. Signal Integrity Metrics (Slow 1200mv 0c Model)
 30. Signal Integrity Metrics (Slow 1200mv 85c Model)
 31. Signal Integrity Metrics (Fast 1200mv 0c Model)
 32. Setup Transfers
 33. Hold Transfers
 34. Recovery Transfers
 35. Removal Transfers
 36. Report TCCS
 37. Report RSKM
 38. Unconstrained Paths Summary
 39. Clock Status Summary
 40. Unconstrained Input Ports
 41. Unconstrained Output Ports
 42. Unconstrained Input Ports
 43. Unconstrained Output Ports
 44. Timing Analyzer Messages



----------------
; Legal Notice ;
----------------
Copyright (C) 2024  Intel Corporation. All rights reserved.
Your use of Intel Corporation's design tools, logic functions 
and other software and tools, and any partner logic 
functions, and any output files from any of the foregoing 
(including device programming or simulation files), and any 
associated documentation or information are expressly subject 
to the terms and conditions of the Intel Program License 
Subscription Agreement, the Intel Quartus Prime License Agreement,
the Intel FPGA IP License Agreement, or other applicable license
agreement, including, without limitation, that your use is for
the sole purpose of programming logic devices manufactured by
Intel and sold by Intel or its authorized distributors.  Please
refer to the applicable agreement for further details, at
https://fpgasoftware.intel.com/eula.



+--------------------------------------------------------------------------------+
; Timing Analyzer Summary                                                        ;
+-----------------------+--------------------------------------------------------+
; Quartus Prime Version ; Version 23.1std.1 Build 993 05/14/2024 SC Lite Edition ;
; Timing Analyzer       ; Legacy Timing Analyzer                                 ;
; Revision Name         ; cnn_vibration_monitor_10M50                            ;
; Device Family         ; MAX 10                                                 ;
; Device Name           ; 10M50DAF484C6GES                                       ;
; Timing Models         ; Preliminary                                            ;
; Delay Model           ; Combined                                               ;
; Rise/Fall Delays      ; Enabled                                                ;
+-----------------------+--------------------------------------------------------+


+------------------------------------------+
; Parallel Compilation                     ;
+----------------------------+-------------+
; Processors                 ; Number      ;
+----------------------------+-------------+
; Number detected on machine ; 24          ;
; Maximum allowed            ; 16          ;
;                            ;             ;
; Average used               ; 3.87        ;
; Maximum used               ; 16          ;
;                            ;             ;
; Usage by Processor         ; % Time Used ;
;     Processor 1            ; 100.0%      ;
;     Processor 2            ;  23.8%      ;
;     Processor 3            ;  20.5%      ;
;     Processor 4            ;  19.3%      ;
;     Processors 5-16        ;  18.6%      ;
+----------------------------+-------------+


+------------------------------------------------------------------------------------------------------------------------------------------------------------------------------------------------------+
; SDC File List                                                                                                                                                                                        ;
+------------------------------------------------------------------------------------------------------------------------------------------------------------------+--------+--------------------------+
; SDC File Path                                                                                                                                                    ; Status ; Read at                  ;
+------------------------------------------------------------------------------------------------------------------------------------------------------------------+--------+--------------------------+
; cnn_vibration_monitor_10M50.sdc                                                                                                                                  ; OK     ; Sat Sep  7 22:52:38 2024 ;
; c:/users/harry/onedrive - university of bath/vibeai/1dcnn/quartus/cnn_vibration_monitor_example_design_10m50/db/ip/adc/submodules/altera_modular_adc_control.sdc ; OK     ; Sat Sep  7 22:52:38 2024 ;
; c:/users/harry/onedrive - university of bath/vibeai/1dcnn/quartus/cnn_vibration_monitor_example_design_10m50/db/ip/adc/submodules/altera_reset_controller.sdc    ; OK     ; Sat Sep  7 22:52:38 2024 ;
+------------------------------------------------------------------------------------------------------------------------------------------------------------------+--------+--------------------------+


+-------------------------------------------------------------------------------------------------------------------------------------------------------------------------------------------------------------------------------------------------------+
; Clocks                                                                                                                                                                                                                                                ;
+-----------------------------+-----------+---------+-----------+-------+--------+------------+-----------+-------------+-------+--------+-----------+------------+----------+--------+-------------------------------+---------------------------------+
; Clock Name                  ; Type      ; Period  ; Frequency ; Rise  ; Fall   ; Duty Cycle ; Divide by ; Multiply by ; Phase ; Offset ; Edge List ; Edge Shift ; Inverted ; Master ; Source                        ; Targets                         ;
+-----------------------------+-----------+---------+-----------+-------+--------+------------+-----------+-------------+-------+--------+-----------+------------+----------+--------+-------------------------------+---------------------------------+
; altera_reserved_tck         ; Base      ; 100.000 ; 10.0 MHz  ; 0.000 ; 50.000 ;            ;           ;             ;       ;        ;           ;            ;          ;        ;                               ; { altera_reserved_tck }         ;
; clk50                       ; Base      ; 20.000  ; 50.0 MHz  ; 0.000 ; 10.000 ;            ;           ;             ;       ;        ;           ;            ;          ;        ;                               ; { clk50 }                       ;
; u0|altpll_0|sd1|pll7|clk[0] ; Generated ; 100.000 ; 10.0 MHz  ; 0.000 ; 50.000 ; 50.00      ; 5         ; 1           ;       ;        ;           ;            ; false    ; clk50  ; u0|altpll_0|sd1|pll7|inclk[0] ; { u0|altpll_0|sd1|pll7|clk[0] } ;
; u0|altpll_0|sd1|pll7|clk[1] ; Generated ; 10.000  ; 100.0 MHz ; 0.000 ; 5.000  ; 50.00      ; 1         ; 2           ;       ;        ;           ;            ; false    ; clk50  ; u0|altpll_0|sd1|pll7|inclk[0] ; { u0|altpll_0|sd1|pll7|clk[1] } ;
+-----------------------------+-----------+---------+-----------+-------+--------+------------+-----------+-------------+-------+--------+-----------+------------+----------+--------+-------------------------------+---------------------------------+


+-------------------------------------------------------------------+
; Slow 1200mV 85C Model Fmax Summary                                ;
+------------+-----------------+-----------------------------+------+
; Fmax       ; Restricted Fmax ; Clock Name                  ; Note ;
+------------+-----------------+-----------------------------+------+
; 92.06 MHz  ; 92.06 MHz       ; altera_reserved_tck         ;      ;
; 144.34 MHz ; 144.34 MHz      ; u0|altpll_0|sd1|pll7|clk[1] ;      ;
+------------+-----------------+-----------------------------+------+
This panel reports FMAX for every clock in the design, regardless of the user-specified clock periods.  FMAX is only computed for paths where the source and destination registers or ports are driven by the same clock.  Paths of different clocks, including generated clocks, are ignored.  For paths between a clock and its inversion, FMAX is computed as if the rising and falling edges are scaled along with FMAX, such that the duty cycle (in terms of a percentage) is maintained. Altera recommends that you always use clock constraints and other slack reports for sign-off analysis.


+------------------------------------------------------+
; Slow 1200mV 85C Model Setup Summary                  ;
+-----------------------------+--------+---------------+
; Clock                       ; Slack  ; End Point TNS ;
+-----------------------------+--------+---------------+
; u0|altpll_0|sd1|pll7|clk[1] ; 3.072  ; 0.000         ;
; altera_reserved_tck         ; 44.569 ; 0.000         ;
+-----------------------------+--------+---------------+


+-----------------------------------------------------+
; Slow 1200mV 85C Model Hold Summary                  ;
+-----------------------------+-------+---------------+
; Clock                       ; Slack ; End Point TNS ;
+-----------------------------+-------+---------------+
; altera_reserved_tck         ; 0.254 ; 0.000         ;
; u0|altpll_0|sd1|pll7|clk[1] ; 0.292 ; 0.000         ;
+-----------------------------+-------+---------------+


+------------------------------------------------------+
; Slow 1200mV 85C Model Recovery Summary               ;
+-----------------------------+--------+---------------+
; Clock                       ; Slack  ; End Point TNS ;
+-----------------------------+--------+---------------+
; u0|altpll_0|sd1|pll7|clk[1] ; 4.214  ; 0.000         ;
; altera_reserved_tck         ; 95.719 ; 0.000         ;
+-----------------------------+--------+---------------+


+-----------------------------------------------------+
; Slow 1200mV 85C Model Removal Summary               ;
+-----------------------------+-------+---------------+
; Clock                       ; Slack ; End Point TNS ;
+-----------------------------+-------+---------------+
; altera_reserved_tck         ; 0.998 ; 0.000         ;
; u0|altpll_0|sd1|pll7|clk[1] ; 4.304 ; 0.000         ;
+-----------------------------+-------+---------------+


+------------------------------------------------------+
; Slow 1200mV 85C Model Minimum Pulse Width Summary    ;
+-----------------------------+--------+---------------+
; Clock                       ; Slack  ; End Point TNS ;
+-----------------------------+--------+---------------+
; u0|altpll_0|sd1|pll7|clk[1] ; 4.628  ; 0.000         ;
; clk50                       ; 9.852  ; 0.000         ;
; u0|altpll_0|sd1|pll7|clk[0] ; 44.375 ; 0.000         ;
; altera_reserved_tck         ; 49.495 ; 0.000         ;
+-----------------------------+--------+---------------+


-----------------------------------------------
; Slow 1200mV 85C Model Metastability Summary ;
-----------------------------------------------
Worst-Case MTBF of Design is 1e+09 years or 3.15e+16 seconds.
Typical MTBF of Design is 1e+09 years or 3.15e+16 seconds.

Number of Synchronizer Chains Found: 5
Shortest Synchronizer Chain: 2 Registers
Fraction of Chains for which MTBFs Could Not be Calculated: 0.600
Worst Case Available Settling Time: 8.108 ns

Worst-Case MTBF values are calculated based on the worst-case silicon characteristics, with worst-case operating conditions.
  - Under worst-case conditions, an increase of 100ps in available settling time will increase MTBF values by a factor of 2.4
Typical MTBF values are calculated based on the nominal silicon characteristics, at nominal operating conditions.
  - Under typical conditions, an increase of 100ps in available settling time will increase MTBF values by a factor of 3.7



+-------------------------------------------------------------------+
; Slow 1200mV 0C Model Fmax Summary                                 ;
+------------+-----------------+-----------------------------+------+
; Fmax       ; Restricted Fmax ; Clock Name                  ; Note ;
+------------+-----------------+-----------------------------+------+
; 101.83 MHz ; 101.83 MHz      ; altera_reserved_tck         ;      ;
; 158.05 MHz ; 158.05 MHz      ; u0|altpll_0|sd1|pll7|clk[1] ;      ;
+------------+-----------------+-----------------------------+------+
This panel reports FMAX for every clock in the design, regardless of the user-specified clock periods.  FMAX is only computed for paths where the source and destination registers or ports are driven by the same clock.  Paths of different clocks, including generated clocks, are ignored.  For paths between a clock and its inversion, FMAX is computed as if the rising and falling edges are scaled along with FMAX, such that the duty cycle (in terms of a percentage) is maintained. Altera recommends that you always use clock constraints and other slack reports for sign-off analysis.


+------------------------------------------------------+
; Slow 1200mV 0C Model Setup Summary                   ;
+-----------------------------+--------+---------------+
; Clock                       ; Slack  ; End Point TNS ;
+-----------------------------+--------+---------------+
; u0|altpll_0|sd1|pll7|clk[1] ; 3.673  ; 0.000         ;
; altera_reserved_tck         ; 45.090 ; 0.000         ;
+-----------------------------+--------+---------------+


+-----------------------------------------------------+
; Slow 1200mV 0C Model Hold Summary                   ;
+-----------------------------+-------+---------------+
; Clock                       ; Slack ; End Point TNS ;
+-----------------------------+-------+---------------+
; altera_reserved_tck         ; 0.248 ; 0.000         ;
; u0|altpll_0|sd1|pll7|clk[1] ; 0.254 ; 0.000         ;
+-----------------------------+-------+---------------+


+------------------------------------------------------+
; Slow 1200mV 0C Model Recovery Summary                ;
+-----------------------------+--------+---------------+
; Clock                       ; Slack  ; End Point TNS ;
+-----------------------------+--------+---------------+
; u0|altpll_0|sd1|pll7|clk[1] ; 4.778  ; 0.000         ;
; altera_reserved_tck         ; 96.132 ; 0.000         ;
+-----------------------------+--------+---------------+


+-----------------------------------------------------+
; Slow 1200mV 0C Model Removal Summary                ;
+-----------------------------+-------+---------------+
; Clock                       ; Slack ; End Point TNS ;
+-----------------------------+-------+---------------+
; altera_reserved_tck         ; 0.926 ; 0.000         ;
; u0|altpll_0|sd1|pll7|clk[1] ; 3.955 ; 0.000         ;
+-----------------------------+-------+---------------+


+------------------------------------------------------+
; Slow 1200mV 0C Model Minimum Pulse Width Summary     ;
+-----------------------------+--------+---------------+
; Clock                       ; Slack  ; End Point TNS ;
+-----------------------------+--------+---------------+
; u0|altpll_0|sd1|pll7|clk[1] ; 4.640  ; 0.000         ;
; clk50                       ; 9.875  ; 0.000         ;
; u0|altpll_0|sd1|pll7|clk[0] ; 44.379 ; 0.000         ;
; altera_reserved_tck         ; 49.511 ; 0.000         ;
+-----------------------------+--------+---------------+


----------------------------------------------
; Slow 1200mV 0C Model Metastability Summary ;
----------------------------------------------
Worst-Case MTBF of Design is 1e+09 years or 3.15e+16 seconds.
Typical MTBF of Design is 1e+09 years or 3.15e+16 seconds.

Number of Synchronizer Chains Found: 5
Shortest Synchronizer Chain: 2 Registers
Fraction of Chains for which MTBFs Could Not be Calculated: 0.600
Worst Case Available Settling Time: 8.253 ns

Worst-Case MTBF values are calculated based on the worst-case silicon characteristics, with worst-case operating conditions.
  - Under worst-case conditions, an increase of 100ps in available settling time will increase MTBF values by a factor of 2.4
Typical MTBF values are calculated based on the nominal silicon characteristics, at nominal operating conditions.
  - Under typical conditions, an increase of 100ps in available settling time will increase MTBF values by a factor of 3.7



+------------------------------------------------------+
; Fast 1200mV 0C Model Setup Summary                   ;
+-----------------------------+--------+---------------+
; Clock                       ; Slack  ; End Point TNS ;
+-----------------------------+--------+---------------+
; u0|altpll_0|sd1|pll7|clk[1] ; 6.419  ; 0.000         ;
; altera_reserved_tck         ; 47.527 ; 0.000         ;
+-----------------------------+--------+---------------+


+-----------------------------------------------------+
; Fast 1200mV 0C Model Hold Summary                   ;
+-----------------------------+-------+---------------+
; Clock                       ; Slack ; End Point TNS ;
+-----------------------------+-------+---------------+
; altera_reserved_tck         ; 0.109 ; 0.000         ;
; u0|altpll_0|sd1|pll7|clk[1] ; 0.148 ; 0.000         ;
+-----------------------------+-------+---------------+


+------------------------------------------------------+
; Fast 1200mV 0C Model Recovery Summary                ;
+-----------------------------+--------+---------------+
; Clock                       ; Slack  ; End Point TNS ;
+-----------------------------+--------+---------------+
; u0|altpll_0|sd1|pll7|clk[1] ; 6.987  ; 0.000         ;
; altera_reserved_tck         ; 97.725 ; 0.000         ;
+-----------------------------+--------+---------------+


+-----------------------------------------------------+
; Fast 1200mV 0C Model Removal Summary                ;
+-----------------------------+-------+---------------+
; Clock                       ; Slack ; End Point TNS ;
+-----------------------------+-------+---------------+
; altera_reserved_tck         ; 0.464 ; 0.000         ;
; u0|altpll_0|sd1|pll7|clk[1] ; 2.078 ; 0.000         ;
+-----------------------------+-------+---------------+


+------------------------------------------------------+
; Fast 1200mV 0C Model Minimum Pulse Width Summary     ;
+-----------------------------+--------+---------------+
; Clock                       ; Slack  ; End Point TNS ;
+-----------------------------+--------+---------------+
; u0|altpll_0|sd1|pll7|clk[1] ; 4.711  ; 0.000         ;
; clk50                       ; 9.668  ; 0.000         ;
; u0|altpll_0|sd1|pll7|clk[0] ; 44.903 ; 0.000         ;
; altera_reserved_tck         ; 49.394 ; 0.000         ;
+-----------------------------+--------+---------------+


----------------------------------------------
; Fast 1200mV 0C Model Metastability Summary ;
----------------------------------------------
Worst-Case MTBF of Design is 1e+09 years or 3.15e+16 seconds.
Typical MTBF of Design is 1e+09 years or 3.15e+16 seconds.

Number of Synchronizer Chains Found: 5
Shortest Synchronizer Chain: 2 Registers
Fraction of Chains for which MTBFs Could Not be Calculated: 0.600
Worst Case Available Settling Time: 9.035 ns

Worst-Case MTBF values are calculated based on the worst-case silicon characteristics, with worst-case operating conditions.
  - Under worst-case conditions, an increase of 100ps in available settling time will increase MTBF values by a factor of 2.4
Typical MTBF values are calculated based on the nominal silicon characteristics, at nominal operating conditions.
  - Under typical conditions, an increase of 100ps in available settling time will increase MTBF values by a factor of 3.7



+------------------------------------------------------------------------------------------+
; Multicorner Timing Analysis Summary                                                      ;
+------------------------------+--------+-------+----------+---------+---------------------+
; Clock                        ; Setup  ; Hold  ; Recovery ; Removal ; Minimum Pulse Width ;
+------------------------------+--------+-------+----------+---------+---------------------+
; Worst-case Slack             ; 3.072  ; 0.109 ; 4.214    ; 0.464   ; 4.628               ;
;  altera_reserved_tck         ; 44.569 ; 0.109 ; 95.719   ; 0.464   ; 49.394              ;
;  clk50                       ; N/A    ; N/A   ; N/A      ; N/A     ; 9.668               ;
;  u0|altpll_0|sd1|pll7|clk[0] ; N/A    ; N/A   ; N/A      ; N/A     ; 44.375              ;
;  u0|altpll_0|sd1|pll7|clk[1] ; 3.072  ; 0.148 ; 4.214    ; 2.078   ; 4.628               ;
; Design-wide TNS              ; 0.0    ; 0.0   ; 0.0      ; 0.0     ; 0.0                 ;
;  altera_reserved_tck         ; 0.000  ; 0.000 ; 0.000    ; 0.000   ; 0.000               ;
;  clk50                       ; N/A    ; N/A   ; N/A      ; N/A     ; 0.000               ;
;  u0|altpll_0|sd1|pll7|clk[0] ; N/A    ; N/A   ; N/A      ; N/A     ; 0.000               ;
;  u0|altpll_0|sd1|pll7|clk[1] ; 0.000  ; 0.000 ; 0.000    ; 0.000   ; 0.000               ;
+------------------------------+--------+-------+----------+---------+---------------------+


+------------------------------------------------------------------------------------------------------------------------------------------------------------------------------------------------------------------------------------------------------------------------------------------------------------------------------------------------------------------------------------------------------------------------+
; Board Trace Model Assignments                                                                                                                                                                                                                                                                                                                                                                                          ;
+---------------------+--------------+-------------------+-------------------------+-------------------------+---------------+---------------------+----------------+------------------+--------+------------------+------------------------+------------------------+--------------+---------------+-----------------+-------+---------------------+--------------------+---------------+-----------------+-------------+
; Pin                 ; I/O Standard ; Near Tline Length ; Near Tline L per Length ; Near Tline C per Length ; Near Series R ; Near Differential R ; Near Pull-up R ; Near Pull-down R ; Near C ; Far Tline Length ; Far Tline L per Length ; Far Tline C per Length ; Far Series R ; Far Pull-up R ; Far Pull-down R ; Far C ; Termination Voltage ; Far Differential R ; EBD File Name ; EBD Signal Name ; EBD Far-end ;
+---------------------+--------------+-------------------+-------------------------+-------------------------+---------------+---------------------+----------------+------------------+--------+------------------+------------------------+------------------------+--------------+---------------+-----------------+-------+---------------------+--------------------+---------------+-----------------+-------------+
; led[0]              ; 2.5 V        ; 0 in              ; 0 H/in                  ; 0 F/in                  ; short         ; -                   ; open           ; open             ; open   ; 0 in             ; 0 H/in                 ; 0 F/in                 ; short        ; open          ; open            ; open  ; 0 V                 ; -                  ; n/a           ; n/a             ; n/a         ;
; led[1]              ; 2.5 V        ; 0 in              ; 0 H/in                  ; 0 F/in                  ; short         ; -                   ; open           ; open             ; open   ; 0 in             ; 0 H/in                 ; 0 F/in                 ; short        ; open          ; open            ; open  ; 0 V                 ; -                  ; n/a           ; n/a             ; n/a         ;
; led[2]              ; 2.5 V        ; 0 in              ; 0 H/in                  ; 0 F/in                  ; short         ; -                   ; open           ; open             ; open   ; 0 in             ; 0 H/in                 ; 0 F/in                 ; short        ; open          ; open            ; open  ; 0 V                 ; -                  ; n/a           ; n/a             ; n/a         ;
; led[3]              ; 2.5 V        ; 0 in              ; 0 H/in                  ; 0 F/in                  ; short         ; -                   ; open           ; open             ; open   ; 0 in             ; 0 H/in                 ; 0 F/in                 ; short        ; open          ; open            ; open  ; 0 V                 ; -                  ; n/a           ; n/a             ; n/a         ;
; led[4]              ; 2.5 V        ; 0 in              ; 0 H/in                  ; 0 F/in                  ; short         ; -                   ; open           ; open             ; open   ; 0 in             ; 0 H/in                 ; 0 F/in                 ; short        ; open          ; open            ; open  ; 0 V                 ; -                  ; n/a           ; n/a             ; n/a         ;
; altera_reserved_tdo ; 2.5 V        ; 0 in              ; 0 H/in                  ; 0 F/in                  ; short         ; -                   ; open           ; open             ; open   ; 0 in             ; 0 H/in                 ; 0 F/in                 ; short        ; open          ; open            ; open  ; 0 V                 ; -                  ; n/a           ; n/a             ; n/a         ;
+---------------------+--------------+-------------------+-------------------------+-------------------------+---------------+---------------------+----------------+------------------+--------+------------------+------------------------+------------------------+--------------+---------------+-----------------+-------+---------------------+--------------------+---------------+-----------------+-------------+


+---------------------------------------------------------------------------------+
; Input Transition Times                                                          ;
+---------------------+-----------------------+-----------------+-----------------+
; Pin                 ; I/O Standard          ; 10-90 Rise Time ; 90-10 Fall Time ;
+---------------------+-----------------------+-----------------+-----------------+
; button[0]           ; 2.5 V                 ; 2000 ps         ; 2000 ps         ;
; button[1]           ; 2.5 V                 ; 2000 ps         ; 2000 ps         ;
; button[2]           ; 2.5 V                 ; 2000 ps         ; 2000 ps         ;
; button[3]           ; 2.5 V                 ; 2000 ps         ; 2000 ps         ;
; clk50               ; 2.5 V                 ; 2000 ps         ; 2000 ps         ;
; altera_reserved_tms ; 2.5 V Schmitt Trigger ; 2000 ps         ; 2000 ps         ;
; altera_reserved_tck ; 2.5 V Schmitt Trigger ; 2000 ps         ; 2000 ps         ;
; altera_reserved_tdi ; 2.5 V Schmitt Trigger ; 2000 ps         ; 2000 ps         ;
; ~ALTERA_CONFIG_SEL~ ; 2.5 V                 ; 2000 ps         ; 2000 ps         ;
; ~ALTERA_nCONFIG~    ; 2.5 V Schmitt Trigger ; 2000 ps         ; 2000 ps         ;
; ~ALTERA_nSTATUS~    ; 2.5 V Schmitt Trigger ; 2000 ps         ; 2000 ps         ;
; ~ALTERA_CONF_DONE~  ; 2.5 V Schmitt Trigger ; 2000 ps         ; 2000 ps         ;
; ~ALTERA_ADC1IN1~    ; 2.5 V                 ; 2000 ps         ; 2000 ps         ;
; ~ALTERA_ADC2IN1~    ; 2.5 V                 ; 2000 ps         ; 2000 ps         ;
; ~ALTERA_ADC1IN2~    ; 2.5 V                 ; 2000 ps         ; 2000 ps         ;
; ~ALTERA_ADC2IN8~    ; 2.5 V                 ; 2000 ps         ; 2000 ps         ;
; ~ALTERA_ADC1IN3~    ; 2.5 V                 ; 2000 ps         ; 2000 ps         ;
; ~ALTERA_ADC2IN3~    ; 2.5 V                 ; 2000 ps         ; 2000 ps         ;
; ~ALTERA_ADC1IN4~    ; 2.5 V                 ; 2000 ps         ; 2000 ps         ;
; ~ALTERA_ADC2IN4~    ; 2.5 V                 ; 2000 ps         ; 2000 ps         ;
; ~ALTERA_ADC1IN5~    ; 2.5 V                 ; 2000 ps         ; 2000 ps         ;
; ~ALTERA_ADC2IN5~    ; 2.5 V                 ; 2000 ps         ; 2000 ps         ;
; ~ALTERA_ADC1IN6~    ; 2.5 V                 ; 2000 ps         ; 2000 ps         ;
; ~ALTERA_ADC2IN6~    ; 2.5 V                 ; 2000 ps         ; 2000 ps         ;
; ~ALTERA_ADC1IN7~    ; 2.5 V                 ; 2000 ps         ; 2000 ps         ;
; ~ALTERA_ADC2IN7~    ; 2.5 V                 ; 2000 ps         ; 2000 ps         ;
; ~ALTERA_ADC1IN8~    ; 2.5 V                 ; 2000 ps         ; 2000 ps         ;
; ~ALTERA_ADC2IN2~    ; 2.5 V                 ; 2000 ps         ; 2000 ps         ;
+---------------------+-----------------------+-----------------+-----------------+


+--------------------------------------------------------------------------------------------------------------------------------------------------------------------------------------------------------------------------------------------------------------------------------------------------------------------------------------------------------------------------------------------------------------------------------------------------------------------------------------------------------------------------------------------------------------------------------------------------------------------------------------------------------------------------------------------------+
; Signal Integrity Metrics (Slow 1200mv 0c Model)                                                                                                                                                                                                                                                                                                                                                                                                                                                                                                                                                                                                                                                  ;
+---------------------+--------------+---------------------+---------------------+------------------------------+------------------------------+---------------------+---------------------+--------------------------------------+--------------------------------------+-----------------------------+-----------------------------+----------------------------+----------------------------+-----------------------------+-----------------------------+--------------------+--------------------+-------------------------------------+-------------------------------------+----------------------------+----------------------------+---------------------------+---------------------------+
; Pin                 ; I/O Standard ; Board Delay on Rise ; Board Delay on Fall ; Steady State Voh at FPGA Pin ; Steady State Vol at FPGA Pin ; Voh Max at FPGA Pin ; Vol Min at FPGA Pin ; Ringback Voltage on Rise at FPGA Pin ; Ringback Voltage on Fall at FPGA Pin ; 10-90 Rise Time at FPGA Pin ; 90-10 Fall Time at FPGA Pin ; Monotonic Rise at FPGA Pin ; Monotonic Fall at FPGA Pin ; Steady State Voh at Far-end ; Steady State Vol at Far-end ; Voh Max at Far-end ; Vol Min at Far-end ; Ringback Voltage on Rise at Far-end ; Ringback Voltage on Fall at Far-end ; 10-90 Rise Time at Far-end ; 90-10 Fall Time at Far-end ; Monotonic Rise at Far-end ; Monotonic Fall at Far-end ;
+---------------------+--------------+---------------------+---------------------+------------------------------+------------------------------+---------------------+---------------------+--------------------------------------+--------------------------------------+-----------------------------+-----------------------------+----------------------------+----------------------------+-----------------------------+-----------------------------+--------------------+--------------------+-------------------------------------+-------------------------------------+----------------------------+----------------------------+---------------------------+---------------------------+
; led[0]              ; 2.5 V        ; 0 s                 ; 0 s                 ; 2.32 V                       ; 1.17e-08 V                   ; 2.42 V              ; -0.0607 V           ; 0.271 V                              ; 0.095 V                              ; 2.93e-10 s                  ; 3.92e-10 s                  ; No                         ; Yes                        ; 2.32 V                      ; 1.17e-08 V                  ; 2.42 V             ; -0.0607 V          ; 0.271 V                             ; 0.095 V                             ; 2.93e-10 s                 ; 3.92e-10 s                 ; No                        ; Yes                       ;
; led[1]              ; 2.5 V        ; 0 s                 ; 0 s                 ; 2.32 V                       ; 1.17e-08 V                   ; 2.42 V              ; -0.0619 V           ; 0.272 V                              ; 0.096 V                              ; 2.93e-10 s                  ; 3.92e-10 s                  ; No                         ; Yes                        ; 2.32 V                      ; 1.17e-08 V                  ; 2.42 V             ; -0.0619 V          ; 0.272 V                             ; 0.096 V                             ; 2.93e-10 s                 ; 3.92e-10 s                 ; No                        ; Yes                       ;
; led[2]              ; 2.5 V        ; 0 s                 ; 0 s                 ; 2.32 V                       ; 1.17e-08 V                   ; 2.42 V              ; -0.0607 V           ; 0.271 V                              ; 0.095 V                              ; 2.93e-10 s                  ; 3.92e-10 s                  ; No                         ; Yes                        ; 2.32 V                      ; 1.17e-08 V                  ; 2.42 V             ; -0.0607 V          ; 0.271 V                             ; 0.095 V                             ; 2.93e-10 s                 ; 3.92e-10 s                 ; No                        ; Yes                       ;
; led[3]              ; 2.5 V        ; 0 s                 ; 0 s                 ; 2.32 V                       ; 1.17e-08 V                   ; 2.42 V              ; -0.0607 V           ; 0.271 V                              ; 0.095 V                              ; 2.93e-10 s                  ; 3.92e-10 s                  ; No                         ; Yes                        ; 2.32 V                      ; 1.17e-08 V                  ; 2.42 V             ; -0.0607 V          ; 0.271 V                             ; 0.095 V                             ; 2.93e-10 s                 ; 3.92e-10 s                 ; No                        ; Yes                       ;
; led[4]              ; 2.5 V        ; 0 s                 ; 0 s                 ; 2.32 V                       ; 1.17e-08 V                   ; 2.42 V              ; -0.0619 V           ; 0.272 V                              ; 0.096 V                              ; 2.93e-10 s                  ; 3.92e-10 s                  ; No                         ; Yes                        ; 2.32 V                      ; 1.17e-08 V                  ; 2.42 V             ; -0.0619 V          ; 0.272 V                             ; 0.096 V                             ; 2.93e-10 s                 ; 3.92e-10 s                 ; No                        ; Yes                       ;
; altera_reserved_tdo ; 2.5 V        ; 0 s                 ; 0 s                 ; 2.32 V                       ; 1.97e-08 V                   ; 2.4 V               ; -0.023 V            ; 0.201 V                              ; 0.081 V                              ; 4.59e-10 s                  ; 5.51e-10 s                  ; No                         ; Yes                        ; 2.32 V                      ; 1.97e-08 V                  ; 2.4 V              ; -0.023 V           ; 0.201 V                             ; 0.081 V                             ; 4.59e-10 s                 ; 5.51e-10 s                 ; No                        ; Yes                       ;
+---------------------+--------------+---------------------+---------------------+------------------------------+------------------------------+---------------------+---------------------+--------------------------------------+--------------------------------------+-----------------------------+-----------------------------+----------------------------+----------------------------+-----------------------------+-----------------------------+--------------------+--------------------+-------------------------------------+-------------------------------------+----------------------------+----------------------------+---------------------------+---------------------------+


+--------------------------------------------------------------------------------------------------------------------------------------------------------------------------------------------------------------------------------------------------------------------------------------------------------------------------------------------------------------------------------------------------------------------------------------------------------------------------------------------------------------------------------------------------------------------------------------------------------------------------------------------------------------------------------------------------+
; Signal Integrity Metrics (Slow 1200mv 85c Model)                                                                                                                                                                                                                                                                                                                                                                                                                                                                                                                                                                                                                                                 ;
+---------------------+--------------+---------------------+---------------------+------------------------------+------------------------------+---------------------+---------------------+--------------------------------------+--------------------------------------+-----------------------------+-----------------------------+----------------------------+----------------------------+-----------------------------+-----------------------------+--------------------+--------------------+-------------------------------------+-------------------------------------+----------------------------+----------------------------+---------------------------+---------------------------+
; Pin                 ; I/O Standard ; Board Delay on Rise ; Board Delay on Fall ; Steady State Voh at FPGA Pin ; Steady State Vol at FPGA Pin ; Voh Max at FPGA Pin ; Vol Min at FPGA Pin ; Ringback Voltage on Rise at FPGA Pin ; Ringback Voltage on Fall at FPGA Pin ; 10-90 Rise Time at FPGA Pin ; 90-10 Fall Time at FPGA Pin ; Monotonic Rise at FPGA Pin ; Monotonic Fall at FPGA Pin ; Steady State Voh at Far-end ; Steady State Vol at Far-end ; Voh Max at Far-end ; Vol Min at Far-end ; Ringback Voltage on Rise at Far-end ; Ringback Voltage on Fall at Far-end ; 10-90 Rise Time at Far-end ; 90-10 Fall Time at Far-end ; Monotonic Rise at Far-end ; Monotonic Fall at Far-end ;
+---------------------+--------------+---------------------+---------------------+------------------------------+------------------------------+---------------------+---------------------+--------------------------------------+--------------------------------------+-----------------------------+-----------------------------+----------------------------+----------------------------+-----------------------------+-----------------------------+--------------------+--------------------+-------------------------------------+-------------------------------------+----------------------------+----------------------------+---------------------------+---------------------------+
; led[0]              ; 2.5 V        ; 0 s                 ; 0 s                 ; 2.32 V                       ; 1.79e-06 V                   ; 2.38 V              ; -0.041 V            ; 0.145 V                              ; 0.14 V                               ; 4.54e-10 s                  ; 4.3e-10 s                   ; No                         ; Yes                        ; 2.32 V                      ; 1.79e-06 V                  ; 2.38 V             ; -0.041 V           ; 0.145 V                             ; 0.14 V                              ; 4.54e-10 s                 ; 4.3e-10 s                  ; No                        ; Yes                       ;
; led[1]              ; 2.5 V        ; 0 s                 ; 0 s                 ; 2.32 V                       ; 1.79e-06 V                   ; 2.38 V              ; -0.0389 V           ; 0.145 V                              ; 0.139 V                              ; 4.54e-10 s                  ; 4.3e-10 s                   ; No                         ; Yes                        ; 2.32 V                      ; 1.79e-06 V                  ; 2.38 V             ; -0.0389 V          ; 0.145 V                             ; 0.139 V                             ; 4.54e-10 s                 ; 4.3e-10 s                  ; No                        ; Yes                       ;
; led[2]              ; 2.5 V        ; 0 s                 ; 0 s                 ; 2.32 V                       ; 1.79e-06 V                   ; 2.38 V              ; -0.041 V            ; 0.145 V                              ; 0.14 V                               ; 4.54e-10 s                  ; 4.3e-10 s                   ; No                         ; Yes                        ; 2.32 V                      ; 1.79e-06 V                  ; 2.38 V             ; -0.041 V           ; 0.145 V                             ; 0.14 V                              ; 4.54e-10 s                 ; 4.3e-10 s                  ; No                        ; Yes                       ;
; led[3]              ; 2.5 V        ; 0 s                 ; 0 s                 ; 2.32 V                       ; 1.79e-06 V                   ; 2.38 V              ; -0.041 V            ; 0.145 V                              ; 0.14 V                               ; 4.54e-10 s                  ; 4.3e-10 s                   ; No                         ; Yes                        ; 2.32 V                      ; 1.79e-06 V                  ; 2.38 V             ; -0.041 V           ; 0.145 V                             ; 0.14 V                              ; 4.54e-10 s                 ; 4.3e-10 s                  ; No                        ; Yes                       ;
; led[4]              ; 2.5 V        ; 0 s                 ; 0 s                 ; 2.32 V                       ; 1.79e-06 V                   ; 2.38 V              ; -0.0389 V           ; 0.145 V                              ; 0.139 V                              ; 4.54e-10 s                  ; 4.3e-10 s                   ; No                         ; Yes                        ; 2.32 V                      ; 1.79e-06 V                  ; 2.38 V             ; -0.0389 V          ; 0.145 V                             ; 0.139 V                             ; 4.54e-10 s                 ; 4.3e-10 s                  ; No                        ; Yes                       ;
; altera_reserved_tdo ; 2.5 V        ; 0 s                 ; 0 s                 ; 2.32 V                       ; 3.04e-06 V                   ; 2.37 V              ; -0.0108 V           ; 0.13 V                               ; 0.066 V                              ; 6.32e-10 s                  ; 6.45e-10 s                  ; No                         ; Yes                        ; 2.32 V                      ; 3.04e-06 V                  ; 2.37 V             ; -0.0108 V          ; 0.13 V                              ; 0.066 V                             ; 6.32e-10 s                 ; 6.45e-10 s                 ; No                        ; Yes                       ;
+---------------------+--------------+---------------------+---------------------+------------------------------+------------------------------+---------------------+---------------------+--------------------------------------+--------------------------------------+-----------------------------+-----------------------------+----------------------------+----------------------------+-----------------------------+-----------------------------+--------------------+--------------------+-------------------------------------+-------------------------------------+----------------------------+----------------------------+---------------------------+---------------------------+


+--------------------------------------------------------------------------------------------------------------------------------------------------------------------------------------------------------------------------------------------------------------------------------------------------------------------------------------------------------------------------------------------------------------------------------------------------------------------------------------------------------------------------------------------------------------------------------------------------------------------------------------------------------------------------------------------------+
; Signal Integrity Metrics (Fast 1200mv 0c Model)                                                                                                                                                                                                                                                                                                                                                                                                                                                                                                                                                                                                                                                  ;
+---------------------+--------------+---------------------+---------------------+------------------------------+------------------------------+---------------------+---------------------+--------------------------------------+--------------------------------------+-----------------------------+-----------------------------+----------------------------+----------------------------+-----------------------------+-----------------------------+--------------------+--------------------+-------------------------------------+-------------------------------------+----------------------------+----------------------------+---------------------------+---------------------------+
; Pin                 ; I/O Standard ; Board Delay on Rise ; Board Delay on Fall ; Steady State Voh at FPGA Pin ; Steady State Vol at FPGA Pin ; Voh Max at FPGA Pin ; Vol Min at FPGA Pin ; Ringback Voltage on Rise at FPGA Pin ; Ringback Voltage on Fall at FPGA Pin ; 10-90 Rise Time at FPGA Pin ; 90-10 Fall Time at FPGA Pin ; Monotonic Rise at FPGA Pin ; Monotonic Fall at FPGA Pin ; Steady State Voh at Far-end ; Steady State Vol at Far-end ; Voh Max at Far-end ; Vol Min at Far-end ; Ringback Voltage on Rise at Far-end ; Ringback Voltage on Fall at Far-end ; 10-90 Rise Time at Far-end ; 90-10 Fall Time at Far-end ; Monotonic Rise at Far-end ; Monotonic Fall at Far-end ;
+---------------------+--------------+---------------------+---------------------+------------------------------+------------------------------+---------------------+---------------------+--------------------------------------+--------------------------------------+-----------------------------+-----------------------------+----------------------------+----------------------------+-----------------------------+-----------------------------+--------------------+--------------------+-------------------------------------+-------------------------------------+----------------------------+----------------------------+---------------------------+---------------------------+
; led[0]              ; 2.5 V        ; 0 s                 ; 0 s                 ; 2.62 V                       ; 9.94e-08 V                   ; 2.78 V              ; -0.0444 V           ; 0.25 V                               ; 0.107 V                              ; 2.67e-10 s                  ; 2.75e-10 s                  ; No                         ; Yes                        ; 2.62 V                      ; 9.94e-08 V                  ; 2.78 V             ; -0.0444 V          ; 0.25 V                              ; 0.107 V                             ; 2.67e-10 s                 ; 2.75e-10 s                 ; No                        ; Yes                       ;
; led[1]              ; 2.5 V        ; 0 s                 ; 0 s                 ; 2.62 V                       ; 9.95e-08 V                   ; 2.78 V              ; -0.0452 V           ; 0.248 V                              ; 0.108 V                              ; 2.67e-10 s                  ; 2.75e-10 s                  ; No                         ; Yes                        ; 2.62 V                      ; 9.95e-08 V                  ; 2.78 V             ; -0.0452 V          ; 0.248 V                             ; 0.108 V                             ; 2.67e-10 s                 ; 2.75e-10 s                 ; No                        ; Yes                       ;
; led[2]              ; 2.5 V        ; 0 s                 ; 0 s                 ; 2.62 V                       ; 9.94e-08 V                   ; 2.78 V              ; -0.0444 V           ; 0.25 V                               ; 0.107 V                              ; 2.67e-10 s                  ; 2.75e-10 s                  ; No                         ; Yes                        ; 2.62 V                      ; 9.94e-08 V                  ; 2.78 V             ; -0.0444 V          ; 0.25 V                              ; 0.107 V                             ; 2.67e-10 s                 ; 2.75e-10 s                 ; No                        ; Yes                       ;
; led[3]              ; 2.5 V        ; 0 s                 ; 0 s                 ; 2.62 V                       ; 9.94e-08 V                   ; 2.78 V              ; -0.0444 V           ; 0.25 V                               ; 0.107 V                              ; 2.67e-10 s                  ; 2.75e-10 s                  ; No                         ; Yes                        ; 2.62 V                      ; 9.94e-08 V                  ; 2.78 V             ; -0.0444 V          ; 0.25 V                              ; 0.107 V                             ; 2.67e-10 s                 ; 2.75e-10 s                 ; No                        ; Yes                       ;
; led[4]              ; 2.5 V        ; 0 s                 ; 0 s                 ; 2.62 V                       ; 9.95e-08 V                   ; 2.78 V              ; -0.0452 V           ; 0.248 V                              ; 0.108 V                              ; 2.67e-10 s                  ; 2.75e-10 s                  ; No                         ; Yes                        ; 2.62 V                      ; 9.95e-08 V                  ; 2.78 V             ; -0.0452 V          ; 0.248 V                             ; 0.108 V                             ; 2.67e-10 s                 ; 2.75e-10 s                 ; No                        ; Yes                       ;
; altera_reserved_tdo ; 2.5 V        ; 0 s                 ; 0 s                 ; 2.62 V                       ; 1.68e-07 V                   ; 2.73 V              ; -0.0395 V           ; 0.361 V                              ; 0.109 V                              ; 3.1e-10 s                   ; 4.41e-10 s                  ; No                         ; Yes                        ; 2.62 V                      ; 1.68e-07 V                  ; 2.73 V             ; -0.0395 V          ; 0.361 V                             ; 0.109 V                             ; 3.1e-10 s                  ; 4.41e-10 s                 ; No                        ; Yes                       ;
+---------------------+--------------+---------------------+---------------------+------------------------------+------------------------------+---------------------+---------------------+--------------------------------------+--------------------------------------+-----------------------------+-----------------------------+----------------------------+----------------------------+-----------------------------+-----------------------------+--------------------+--------------------+-------------------------------------+-------------------------------------+----------------------------+----------------------------+---------------------------+---------------------------+


+---------------------------------------------------------------------------------------------------------+
; Setup Transfers                                                                                         ;
+-----------------------------+-----------------------------+------------+----------+----------+----------+
; From Clock                  ; To Clock                    ; RR Paths   ; FR Paths ; RF Paths ; FF Paths ;
+-----------------------------+-----------------------------+------------+----------+----------+----------+
; altera_reserved_tck         ; altera_reserved_tck         ; 5525       ; 0        ; 56       ; 0        ;
; u0|altpll_0|sd1|pll7|clk[1] ; altera_reserved_tck         ; false path ; 0        ; 0        ; 0        ;
; u0|altpll_0|sd1|pll7|clk[1] ; u0|altpll_0|sd1|pll7|clk[0] ; 9          ; 0        ; 0        ; 0        ;
; altera_reserved_tck         ; u0|altpll_0|sd1|pll7|clk[1] ; false path ; 0        ; 0        ; 0        ;
; u0|altpll_0|sd1|pll7|clk[0] ; u0|altpll_0|sd1|pll7|clk[1] ; 14         ; 1        ; 0        ; 0        ;
; u0|altpll_0|sd1|pll7|clk[1] ; u0|altpll_0|sd1|pll7|clk[1] ; 215052     ; 0        ; 0        ; 0        ;
+-----------------------------+-----------------------------+------------+----------+----------+----------+
Entries labeled "false path" only account for clock-to-clock false paths and not path-based false paths. As a result, actual path counts may be lower than reported.


+---------------------------------------------------------------------------------------------------------+
; Hold Transfers                                                                                          ;
+-----------------------------+-----------------------------+------------+----------+----------+----------+
; From Clock                  ; To Clock                    ; RR Paths   ; FR Paths ; RF Paths ; FF Paths ;
+-----------------------------+-----------------------------+------------+----------+----------+----------+
; altera_reserved_tck         ; altera_reserved_tck         ; 5525       ; 0        ; 56       ; 0        ;
; u0|altpll_0|sd1|pll7|clk[1] ; altera_reserved_tck         ; false path ; 0        ; 0        ; 0        ;
; u0|altpll_0|sd1|pll7|clk[1] ; u0|altpll_0|sd1|pll7|clk[0] ; 9          ; 0        ; 0        ; 0        ;
; altera_reserved_tck         ; u0|altpll_0|sd1|pll7|clk[1] ; false path ; 0        ; 0        ; 0        ;
; u0|altpll_0|sd1|pll7|clk[0] ; u0|altpll_0|sd1|pll7|clk[1] ; 14         ; 1        ; 0        ; 0        ;
; u0|altpll_0|sd1|pll7|clk[1] ; u0|altpll_0|sd1|pll7|clk[1] ; 215052     ; 0        ; 0        ; 0        ;
+-----------------------------+-----------------------------+------------+----------+----------+----------+
Entries labeled "false path" only account for clock-to-clock false paths and not path-based false paths. As a result, actual path counts may be lower than reported.


+---------------------------------------------------------------------------------------------------------+
; Recovery Transfers                                                                                      ;
+-----------------------------+-----------------------------+------------+----------+----------+----------+
; From Clock                  ; To Clock                    ; RR Paths   ; FR Paths ; RF Paths ; FF Paths ;
+-----------------------------+-----------------------------+------------+----------+----------+----------+
; altera_reserved_tck         ; altera_reserved_tck         ; 207        ; 0        ; 0        ; 0        ;
; altera_reserved_tck         ; u0|altpll_0|sd1|pll7|clk[1] ; false path ; 0        ; 0        ; 0        ;
; u0|altpll_0|sd1|pll7|clk[1] ; u0|altpll_0|sd1|pll7|clk[1] ; 63         ; 0        ; 0        ; 0        ;
+-----------------------------+-----------------------------+------------+----------+----------+----------+
Entries labeled "false path" only account for clock-to-clock false paths and not path-based false paths. As a result, actual path counts may be lower than reported.


+---------------------------------------------------------------------------------------------------------+
; Removal Transfers                                                                                       ;
+-----------------------------+-----------------------------+------------+----------+----------+----------+
; From Clock                  ; To Clock                    ; RR Paths   ; FR Paths ; RF Paths ; FF Paths ;
+-----------------------------+-----------------------------+------------+----------+----------+----------+
; altera_reserved_tck         ; altera_reserved_tck         ; 207        ; 0        ; 0        ; 0        ;
; altera_reserved_tck         ; u0|altpll_0|sd1|pll7|clk[1] ; false path ; 0        ; 0        ; 0        ;
; u0|altpll_0|sd1|pll7|clk[1] ; u0|altpll_0|sd1|pll7|clk[1] ; 63         ; 0        ; 0        ; 0        ;
+-----------------------------+-----------------------------+------------+----------+----------+----------+
Entries labeled "false path" only account for clock-to-clock false paths and not path-based false paths. As a result, actual path counts may be lower than reported.


---------------
; Report TCCS ;
---------------
No dedicated SERDES Transmitter circuitry present in device or used in design


---------------
; Report RSKM ;
---------------
No non-DPA dedicated SERDES Receiver circuitry present in device or used in design


+------------------------------------------------+
; Unconstrained Paths Summary                    ;
+---------------------------------+-------+------+
; Property                        ; Setup ; Hold ;
+---------------------------------+-------+------+
; Illegal Clocks                  ; 0     ; 0    ;
; Unconstrained Clocks            ; 0     ; 0    ;
; Unconstrained Input Ports       ; 2     ; 2    ;
; Unconstrained Input Port Paths  ; 49    ; 49   ;
; Unconstrained Output Ports      ; 1     ; 1    ;
; Unconstrained Output Port Paths ; 1     ; 1    ;
+---------------------------------+-------+------+


+-------------------------------------------------------------------------------------+
; Clock Status Summary                                                                ;
+-----------------------------+-----------------------------+-----------+-------------+
; Target                      ; Clock                       ; Type      ; Status      ;
+-----------------------------+-----------------------------+-----------+-------------+
; altera_reserved_tck         ; altera_reserved_tck         ; Base      ; Constrained ;
; clk50                       ; clk50                       ; Base      ; Constrained ;
; u0|altpll_0|sd1|pll7|clk[0] ; u0|altpll_0|sd1|pll7|clk[0] ; Generated ; Constrained ;
; u0|altpll_0|sd1|pll7|clk[1] ; u0|altpll_0|sd1|pll7|clk[1] ; Generated ; Constrained ;
+-----------------------------+-----------------------------+-----------+-------------+


+------------------------------------------------------------------------------------------------------------+
; Unconstrained Input Ports                                                                                  ;
+---------------------+--------------------------------------------------------------------------------------+
; Input Port          ; Comment                                                                              ;
+---------------------+--------------------------------------------------------------------------------------+
; altera_reserved_tdi ; No input delay, min/max delays, false-path exceptions, or max skew assignments found ;
; altera_reserved_tms ; No input delay, min/max delays, false-path exceptions, or max skew assignments found ;
+---------------------+--------------------------------------------------------------------------------------+


+-------------------------------------------------------------------------------------------------------------+
; Unconstrained Output Ports                                                                                  ;
+---------------------+---------------------------------------------------------------------------------------+
; Output Port         ; Comment                                                                               ;
+---------------------+---------------------------------------------------------------------------------------+
; altera_reserved_tdo ; No output delay, min/max delays, false-path exceptions, or max skew assignments found ;
+---------------------+---------------------------------------------------------------------------------------+


+------------------------------------------------------------------------------------------------------------+
; Unconstrained Input Ports                                                                                  ;
+---------------------+--------------------------------------------------------------------------------------+
; Input Port          ; Comment                                                                              ;
+---------------------+--------------------------------------------------------------------------------------+
; altera_reserved_tdi ; No input delay, min/max delays, false-path exceptions, or max skew assignments found ;
; altera_reserved_tms ; No input delay, min/max delays, false-path exceptions, or max skew assignments found ;
+---------------------+--------------------------------------------------------------------------------------+


+-------------------------------------------------------------------------------------------------------------+
; Unconstrained Output Ports                                                                                  ;
+---------------------+---------------------------------------------------------------------------------------+
; Output Port         ; Comment                                                                               ;
+---------------------+---------------------------------------------------------------------------------------+
; altera_reserved_tdo ; No output delay, min/max delays, false-path exceptions, or max skew assignments found ;
+---------------------+---------------------------------------------------------------------------------------+


+--------------------------+
; Timing Analyzer Messages ;
+--------------------------+
Info: *******************************************************************
Info: Running Quartus Prime Timing Analyzer
    Info: Version 23.1std.1 Build 993 05/14/2024 SC Lite Edition
    Info: Processing started: Sat Sep  7 22:52:37 2024
Info: Command: quartus_sta cnn_vibration_monitor_10M50 -c cnn_vibration_monitor_10M50
Info: qsta_default_script.tcl version: #1
Info (20030): Parallel compilation is enabled and will use 16 of the 16 processors detected
Info (21077): Low junction temperature is 0 degrees C
Info (21077): High junction temperature is 85 degrees C
Info (332164): Evaluating HDL-embedded SDC commands
    Info (332165): Entity altera_std_synchronizer
        Info (332166): set_false_path -to [get_keepers {*altera_std_synchronizer:*|din_s1}]
    Info (332165): Entity sld_hub
        Info (332166): create_clock -name altera_reserved_tck [get_ports {altera_reserved_tck}] -period 10MHz   
        Info (332166): set_clock_groups -asynchronous -group {altera_reserved_tck}
Info (332104): Reading SDC File: 'cnn_vibration_monitor_10M50.sdc'
Info (332151): Clock uncertainty is not calculated until you update the timing netlist.
Info (332110): Deriving PLL clocks
    Info (332110): create_generated_clock -source {u0|altpll_0|sd1|pll7|inclk[0]} -divide_by 5 -duty_cycle 50.00 -name {u0|altpll_0|sd1|pll7|clk[0]} {u0|altpll_0|sd1|pll7|clk[0]}
    Info (332110): create_generated_clock -source {u0|altpll_0|sd1|pll7|inclk[0]} -multiply_by 2 -duty_cycle 50.00 -name {u0|altpll_0|sd1|pll7|clk[1]} {u0|altpll_0|sd1|pll7|clk[1]}
Info (332104): Reading SDC File: 'c:/users/harry/onedrive - university of bath/vibeai/1dcnn/quartus/cnn_vibration_monitor_example_design_10m50/db/ip/adc/submodules/altera_modular_adc_control.sdc'
Info (332104): Reading SDC File: 'c:/users/harry/onedrive - university of bath/vibeai/1dcnn/quartus/cnn_vibration_monitor_example_design_10m50/db/ip/adc/submodules/altera_reset_controller.sdc'
Info (332097): The following timing edges are non-unate.  The Timing Analyzer will assume pos-unate behavior for these edges in the clock network.
    Info (332098): Cell: altera_internal_jtag  from: tck  to: tckutap
    Info (332098): From: u0|modular_adc_0|control_internal|adc_inst|adcblock_instance|primitive_instance|clkin_from_pll_c0  to: adc:u0|adc_modular_adc_0:modular_adc_0|altera_modular_adc_control:control_internal|fiftyfivenm_adcblock_top_wrapper:adc_inst|fiftyfivenm_adcblock_primitive_wrapper:adcblock_instance|eoc
Info (332123): Deriving Clock Uncertainty. Please refer to report_sdc in the Timing Analyzer to see clock uncertainties.
Info: Found TIMING_ANALYZER_REPORT_SCRIPT_INCLUDE_DEFAULT_ANALYSIS = ON
Info: Analyzing Slow 1200mV 85C Model
Info: Can't run Report Timing Closure Recommendations. The current device family is not supported.
Info (332146): Worst-case setup slack is 3.072
    Info (332119):     Slack       End Point TNS Clock 
    Info (332119): ========= =================== =====================
    Info (332119):     3.072               0.000 u0|altpll_0|sd1|pll7|clk[1] 
    Info (332119):    44.569               0.000 altera_reserved_tck 
Info (332146): Worst-case hold slack is 0.254
    Info (332119):     Slack       End Point TNS Clock 
    Info (332119): ========= =================== =====================
    Info (332119):     0.254               0.000 altera_reserved_tck 
    Info (332119):     0.292               0.000 u0|altpll_0|sd1|pll7|clk[1] 
Info (332146): Worst-case recovery slack is 4.214
    Info (332119):     Slack       End Point TNS Clock 
    Info (332119): ========= =================== =====================
    Info (332119):     4.214               0.000 u0|altpll_0|sd1|pll7|clk[1] 
    Info (332119):    95.719               0.000 altera_reserved_tck 
Info (332146): Worst-case removal slack is 0.998
    Info (332119):     Slack       End Point TNS Clock 
    Info (332119): ========= =================== =====================
    Info (332119):     0.998               0.000 altera_reserved_tck 
    Info (332119):     4.304               0.000 u0|altpll_0|sd1|pll7|clk[1] 
Info (332146): Worst-case minimum pulse width slack is 4.628
    Info (332119):     Slack       End Point TNS Clock 
    Info (332119): ========= =================== =====================
    Info (332119):     4.628               0.000 u0|altpll_0|sd1|pll7|clk[1] 
    Info (332119):     9.852               0.000 clk50 
    Info (332119):    44.375               0.000 u0|altpll_0|sd1|pll7|clk[0] 
    Info (332119):    49.495               0.000 altera_reserved_tck 
Info (332114): Report Metastability: Found 5 synchronizer chains.
    Info (332114): Worst-Case MTBF of Design is 1e+09 years or 3.15e+16 seconds.
    Info (332114): Typical MTBF of Design is 1e+09 years or 3.15e+16 seconds.

    Info (332114): Number of Synchronizer Chains Found: 5
    Info (332114): Shortest Synchronizer Chain: 2 Registers
    Info (332114): Fraction of Chains for which MTBFs Could Not be Calculated: 0.600
    Info (332114): Worst Case Available Settling Time: 8.108 ns
    Info (332114): 
    Info (332114): Worst-Case MTBF values are calculated based on the worst-case silicon characteristics, with worst-case operating conditions.
    Info (332114):   - Under worst-case conditions, an increase of 100ps in available settling time will increase MTBF values by a factor of 2.4
    Info (332114): Typical MTBF values are calculated based on the nominal silicon characteristics, at nominal operating conditions.
    Info (332114):   - Under typical conditions, an increase of 100ps in available settling time will increase MTBF values by a factor of 3.7
Info: Analyzing Slow 1200mV 0C Model
Info (334003): Started post-fitting delay annotation
Warning (334000): Timing characteristics of device 10M50DAF484C6GES are preliminary
Info (334004): Delay annotation completed successfully
Info (332097): The following timing edges are non-unate.  The Timing Analyzer will assume pos-unate behavior for these edges in the clock network.
    Info (332098): Cell: altera_internal_jtag  from: tck  to: tckutap
    Info (332098): From: u0|modular_adc_0|control_internal|adc_inst|adcblock_instance|primitive_instance|clkin_from_pll_c0  to: adc:u0|adc_modular_adc_0:modular_adc_0|altera_modular_adc_control:control_internal|fiftyfivenm_adcblock_top_wrapper:adc_inst|fiftyfivenm_adcblock_primitive_wrapper:adcblock_instance|eoc
Info (332123): Deriving Clock Uncertainty. Please refer to report_sdc in the Timing Analyzer to see clock uncertainties.
Info (332146): Worst-case setup slack is 3.673
    Info (332119):     Slack       End Point TNS Clock 
    Info (332119): ========= =================== =====================
    Info (332119):     3.673               0.000 u0|altpll_0|sd1|pll7|clk[1] 
    Info (332119):    45.090               0.000 altera_reserved_tck 
Info (332146): Worst-case hold slack is 0.248
    Info (332119):     Slack       End Point TNS Clock 
    Info (332119): ========= =================== =====================
    Info (332119):     0.248               0.000 altera_reserved_tck 
    Info (332119):     0.254               0.000 u0|altpll_0|sd1|pll7|clk[1] 
Info (332146): Worst-case recovery slack is 4.778
    Info (332119):     Slack       End Point TNS Clock 
    Info (332119): ========= =================== =====================
    Info (332119):     4.778               0.000 u0|altpll_0|sd1|pll7|clk[1] 
    Info (332119):    96.132               0.000 altera_reserved_tck 
Info (332146): Worst-case removal slack is 0.926
    Info (332119):     Slack       End Point TNS Clock 
    Info (332119): ========= =================== =====================
    Info (332119):     0.926               0.000 altera_reserved_tck 
    Info (332119):     3.955               0.000 u0|altpll_0|sd1|pll7|clk[1] 
Info (332146): Worst-case minimum pulse width slack is 4.640
    Info (332119):     Slack       End Point TNS Clock 
    Info (332119): ========= =================== =====================
    Info (332119):     4.640               0.000 u0|altpll_0|sd1|pll7|clk[1] 
    Info (332119):     9.875               0.000 clk50 
    Info (332119):    44.379               0.000 u0|altpll_0|sd1|pll7|clk[0] 
    Info (332119):    49.511               0.000 altera_reserved_tck 
Info (332114): Report Metastability: Found 5 synchronizer chains.
    Info (332114): Worst-Case MTBF of Design is 1e+09 years or 3.15e+16 seconds.
    Info (332114): Typical MTBF of Design is 1e+09 years or 3.15e+16 seconds.

    Info (332114): Number of Synchronizer Chains Found: 5
    Info (332114): Shortest Synchronizer Chain: 2 Registers
    Info (332114): Fraction of Chains for which MTBFs Could Not be Calculated: 0.600
    Info (332114): Worst Case Available Settling Time: 8.253 ns
    Info (332114): 
    Info (332114): Worst-Case MTBF values are calculated based on the worst-case silicon characteristics, with worst-case operating conditions.
    Info (332114):   - Under worst-case conditions, an increase of 100ps in available settling time will increase MTBF values by a factor of 2.4
    Info (332114): Typical MTBF values are calculated based on the nominal silicon characteristics, at nominal operating conditions.
    Info (332114):   - Under typical conditions, an increase of 100ps in available settling time will increase MTBF values by a factor of 3.7
Info: Analyzing Fast 1200mV 0C Model
Info (332097): The following timing edges are non-unate.  The Timing Analyzer will assume pos-unate behavior for these edges in the clock network.
    Info (332098): Cell: altera_internal_jtag  from: tck  to: tckutap
    Info (332098): From: u0|modular_adc_0|control_internal|adc_inst|adcblock_instance|primitive_instance|clkin_from_pll_c0  to: adc:u0|adc_modular_adc_0:modular_adc_0|altera_modular_adc_control:control_internal|fiftyfivenm_adcblock_top_wrapper:adc_inst|fiftyfivenm_adcblock_primitive_wrapper:adcblock_instance|eoc
Info (332123): Deriving Clock Uncertainty. Please refer to report_sdc in the Timing Analyzer to see clock uncertainties.
Info (332146): Worst-case setup slack is 6.419
    Info (332119):     Slack       End Point TNS Clock 
    Info (332119): ========= =================== =====================
    Info (332119):     6.419               0.000 u0|altpll_0|sd1|pll7|clk[1] 
    Info (332119):    47.527               0.000 altera_reserved_tck 
Info (332146): Worst-case hold slack is 0.109
    Info (332119):     Slack       End Point TNS Clock 
    Info (332119): ========= =================== =====================
    Info (332119):     0.109               0.000 altera_reserved_tck 
    Info (332119):     0.148               0.000 u0|altpll_0|sd1|pll7|clk[1] 
Info (332146): Worst-case recovery slack is 6.987
    Info (332119):     Slack       End Point TNS Clock 
    Info (332119): ========= =================== =====================
    Info (332119):     6.987               0.000 u0|altpll_0|sd1|pll7|clk[1] 
    Info (332119):    97.725               0.000 altera_reserved_tck 
Info (332146): Worst-case removal slack is 0.464
    Info (332119):     Slack       End Point TNS Clock 
    Info (332119): ========= =================== =====================
    Info (332119):     0.464               0.000 altera_reserved_tck 
    Info (332119):     2.078               0.000 u0|altpll_0|sd1|pll7|clk[1] 
Info (332146): Worst-case minimum pulse width slack is 4.711
    Info (332119):     Slack       End Point TNS Clock 
    Info (332119): ========= =================== =====================
    Info (332119):     4.711               0.000 u0|altpll_0|sd1|pll7|clk[1] 
    Info (332119):     9.668               0.000 clk50 
    Info (332119):    44.903               0.000 u0|altpll_0|sd1|pll7|clk[0] 
    Info (332119):    49.394               0.000 altera_reserved_tck 
Info (332114): Report Metastability: Found 5 synchronizer chains.
    Info (332114): Worst-Case MTBF of Design is 1e+09 years or 3.15e+16 seconds.
    Info (332114): Typical MTBF of Design is 1e+09 years or 3.15e+16 seconds.

    Info (332114): Number of Synchronizer Chains Found: 5
    Info (332114): Shortest Synchronizer Chain: 2 Registers
    Info (332114): Fraction of Chains for which MTBFs Could Not be Calculated: 0.600
    Info (332114): Worst Case Available Settling Time: 9.035 ns
    Info (332114): 
    Info (332114): Worst-Case MTBF values are calculated based on the worst-case silicon characteristics, with worst-case operating conditions.
    Info (332114):   - Under worst-case conditions, an increase of 100ps in available settling time will increase MTBF values by a factor of 2.4
    Info (332114): Typical MTBF values are calculated based on the nominal silicon characteristics, at nominal operating conditions.
    Info (332114):   - Under typical conditions, an increase of 100ps in available settling time will increase MTBF values by a factor of 3.7
Info (332102): Design is not fully constrained for setup requirements
Info (332102): Design is not fully constrained for hold requirements
Info: Quartus Prime Timing Analyzer was successful. 0 errors, 1 warning
    Info: Peak virtual memory: 5074 megabytes
    Info: Processing ended: Sat Sep  7 22:52:40 2024
    Info: Elapsed time: 00:00:03
    Info: Total CPU time (on all processors): 00:00:08


