Flow report for cnn_vibration_monitor_10M50
Mon Oct 14 12:22:23 2024
Quartus Prime Version 23.1std.1 Build 993 05/14/2024 SC Lite Edition


---------------------
; Table of Contents ;
---------------------
  1. Legal Notice
  2. Flow Summary
  3. Flow Settings
  4. Flow Non-Default Global Settings
  5. Flow Elapsed Time
  6. Flow OS Summary
  7. Flow Log
  8. Flow Messages
  9. Flow Suppressed Messages



----------------
; Legal Notice ;
----------------
Copyright (C) 2024  Intel Corporation. All rights reserved.
Your use of Intel Corporation's design tools, logic functions 
and other software and tools, and any partner logic 
functions, and any output files from any of the foregoing 
(including device programming or simulation files), and any 
associated documentation or information are expressly subject 
to the terms and conditions of the Intel Program License 
Subscription Agreement, the Intel Quartus Prime License Agreement,
the Intel FPGA IP License Agreement, or other applicable license
agreement, including, without limitation, that your use is for
the sole purpose of programming logic devices manufactured by
Intel and sold by Intel or its authorized distributors.  Please
refer to the applicable agreement for further details, at
https://fpgasoftware.intel.com/eula.



+-------------------------------------------------------------------------------------+
; Flow Summary                                                                        ;
+------------------------------------+------------------------------------------------+
; Flow Status                        ; Successful - Mon Oct 14 12:22:23 2024          ;
; Quartus Prime Version              ; 23.1std.1 Build 993 05/14/2024 SC Lite Edition ;
; Revision Name                      ; cnn_vibration_monitor_10M50                    ;
; Top-level Entity Name              ; cnn_vibration_monitor_10M50                    ;
; Family                             ; MAX 10                                         ;
; Device                             ; 10M50DAF484C6GES                               ;
; Timing Models                      ; Preliminary                                    ;
; Total logic elements               ; 8,218 / 49,760 ( 17 % )                        ;
;     Total combinational functions  ; 4,349 / 49,760 ( 9 % )                         ;
;     Dedicated logic registers      ; 7,809 / 49,760 ( 16 % )                        ;
; Total registers                    ; 7809                                           ;
; Total pins                         ; 10 / 360 ( 3 % )                               ;
; Total virtual pins                 ; 0                                              ;
; Total memory bits                  ; 444,480 / 1,677,312 ( 26 % )                   ;
; Embedded Multiplier 9-bit elements ; 94 / 288 ( 33 % )                              ;
; Total PLLs                         ; 1 / 4 ( 25 % )                                 ;
; UFM blocks                         ; 0 / 1 ( 0 % )                                  ;
; ADC blocks                         ; 1 / 2 ( 50 % )                                 ;
+------------------------------------+------------------------------------------------+


+-------------------------------------------------+
; Flow Settings                                   ;
+-------------------+-----------------------------+
; Option            ; Setting                     ;
+-------------------+-----------------------------+
; Start date & time ; 10/14/2024 11:28:45         ;
; Main task         ; Compilation                 ;
; Revision Name     ; cnn_vibration_monitor_10M50 ;
+-------------------+-----------------------------+


+---------------------------------------------------------------------------------------------------------------------------------------------------------------------------------------------------------------------------------------------------------------------------------------------------------------------------+
; Flow Non-Default Global Settings                                                                                                                                                                                                                                                                                          ;
+-------------------------------------+--------------------------------------------------------------------------------------------------------------------------------------------------------------------------------------------------------------+--------------------+-------------+-----------------------------------+
; Assignment Name                     ; Value                                                                                                                                                                                                        ; Default Value      ; Entity Name ; Section Id                        ;
+-------------------------------------+--------------------------------------------------------------------------------------------------------------------------------------------------------------------------------------------------------------+--------------------+-------------+-----------------------------------+
; COMPILER_SIGNATURE_ID               ; 1098266538262.172890172526908                                                                                                                                                                                ; --                 ; --          ; --                                ;
; EDA_GENERATE_FUNCTIONAL_NETLIST     ; Off                                                                                                                                                                                                          ; --                 ; --          ; eda_board_design_timing           ;
; EDA_GENERATE_FUNCTIONAL_NETLIST     ; Off                                                                                                                                                                                                          ; --                 ; --          ; eda_board_design_boundary_scan    ;
; EDA_GENERATE_FUNCTIONAL_NETLIST     ; Off                                                                                                                                                                                                          ; --                 ; --          ; eda_board_design_signal_integrity ;
; EDA_GENERATE_FUNCTIONAL_NETLIST     ; Off                                                                                                                                                                                                          ; --                 ; --          ; eda_board_design_symbol           ;
; EDA_OUTPUT_DATA_FORMAT              ; Verilog Hdl                                                                                                                                                                                                  ; --                 ; --          ; eda_simulation                    ;
; EDA_SIMULATION_TOOL                 ; Questa Intel FPGA (Verilog)                                                                                                                                                                                  ; <None>             ; --          ; --                                ;
; EDA_TIME_SCALE                      ; 1 ps                                                                                                                                                                                                         ; --                 ; --          ; eda_simulation                    ;
; ENABLE_SIGNALTAP                    ; On                                                                                                                                                                                                           ; --                 ; --          ; --                                ;
; MAX_CORE_JUNCTION_TEMP              ; 85                                                                                                                                                                                                           ; --                 ; --          ; --                                ;
; MIN_CORE_JUNCTION_TEMP              ; 0                                                                                                                                                                                                            ; --                 ; --          ; --                                ;
; NUM_PARALLEL_PROCESSORS             ; All                                                                                                                                                                                                          ; --                 ; --          ; --                                ;
; OPTIMIZATION_MODE                   ; Aggressive Power                                                                                                                                                                                             ; Balanced           ; --          ; --                                ;
; OPTIMIZE_POWER_DURING_FITTING       ; Extra effort                                                                                                                                                                                                 ; Normal compilation ; --          ; --                                ;
; OPTIMIZE_POWER_DURING_SYNTHESIS     ; Extra effort                                                                                                                                                                                                 ; Normal compilation ; --          ; --                                ;
; OUTPUT_IO_TIMING_FAR_END_VMEAS      ; Half Signal Swing                                                                                                                                                                                            ; --                 ; --          ; --                                ;
; OUTPUT_IO_TIMING_FAR_END_VMEAS      ; Half Signal Swing                                                                                                                                                                                            ; --                 ; --          ; --                                ;
; OUTPUT_IO_TIMING_NEAR_END_VMEAS     ; Half Vccio                                                                                                                                                                                                   ; --                 ; --          ; --                                ;
; OUTPUT_IO_TIMING_NEAR_END_VMEAS     ; Half Vccio                                                                                                                                                                                                   ; --                 ; --          ; --                                ;
; PARTITION_COLOR                     ; -- (Not supported for targeted family)                                                                                                                                                                       ; --                 ; --          ; Top                               ;
; PARTITION_FITTER_PRESERVATION_LEVEL ; -- (Not supported for targeted family)                                                                                                                                                                       ; --                 ; --          ; Top                               ;
; PARTITION_NETLIST_TYPE              ; -- (Not supported for targeted family)                                                                                                                                                                       ; --                 ; --          ; Top                               ;
; POWER_BOARD_THERMAL_MODEL           ; None (CONSERVATIVE)                                                                                                                                                                                          ; --                 ; --          ; --                                ;
; POWER_PRESET_COOLING_SOLUTION       ; 23 MM HEAT SINK WITH 200 LFPM AIRFLOW                                                                                                                                                                        ; --                 ; --          ; --                                ;
; PROJECT_OUTPUT_DIRECTORY            ; output_files                                                                                                                                                                                                 ; --                 ; --          ; --                                ;
; SLD_FILE                            ; db/cnn_vibration_monitor_10M50_auto_stripped.stp                                                                                                                                                             ; --                 ; --          ; --                                ;
; SLD_NODE_CREATOR_ID                 ; 110                                                                                                                                                                                                          ; --                 ; --          ; auto_signaltap_0                  ;
; SLD_NODE_ENTITY_NAME                ; sld_signaltap                                                                                                                                                                                                ; --                 ; --          ; auto_signaltap_0                  ;
; SLD_NODE_PARAMETER_ASSIGNMENT       ; SLD_RAM_BLOCK_TYPE=AUTO                                                                                                                                                                                      ; --                 ; --          ; auto_signaltap_0                  ;
; SLD_NODE_PARAMETER_ASSIGNMENT       ; SLD_NODE_INFO=805334528                                                                                                                                                                                      ; --                 ; --          ; auto_signaltap_0                  ;
; SLD_NODE_PARAMETER_ASSIGNMENT       ; SLD_POWER_UP_TRIGGER=0                                                                                                                                                                                       ; --                 ; --          ; auto_signaltap_0                  ;
; SLD_NODE_PARAMETER_ASSIGNMENT       ; SLD_ATTRIBUTE_MEM_MODE=OFF                                                                                                                                                                                   ; --                 ; --          ; auto_signaltap_0                  ;
; SLD_NODE_PARAMETER_ASSIGNMENT       ; SLD_STATE_FLOW_USE_GENERATED=0                                                                                                                                                                               ; --                 ; --          ; auto_signaltap_0                  ;
; SLD_NODE_PARAMETER_ASSIGNMENT       ; SLD_STATE_BITS=11                                                                                                                                                                                            ; --                 ; --          ; auto_signaltap_0                  ;
; SLD_NODE_PARAMETER_ASSIGNMENT       ; SLD_BUFFER_FULL_STOP=1                                                                                                                                                                                       ; --                 ; --          ; auto_signaltap_0                  ;
; SLD_NODE_PARAMETER_ASSIGNMENT       ; SLD_CURRENT_RESOURCE_WIDTH=1                                                                                                                                                                                 ; --                 ; --          ; auto_signaltap_0                  ;
; SLD_NODE_PARAMETER_ASSIGNMENT       ; SLD_STORAGE_QUALIFIER_GAP_RECORD=1                                                                                                                                                                           ; --                 ; --          ; auto_signaltap_0                  ;
; SLD_NODE_PARAMETER_ASSIGNMENT       ; SLD_STORAGE_QUALIFIER_MODE=COMBINATIONAL                                                                                                                                                                     ; --                 ; --          ; auto_signaltap_0                  ;
; SLD_NODE_PARAMETER_ASSIGNMENT       ; SLD_INCREMENTAL_ROUTING=1                                                                                                                                                                                    ; --                 ; --          ; auto_signaltap_0                  ;
; SLD_NODE_PARAMETER_ASSIGNMENT       ; SLD_TRIGGER_LEVEL=1                                                                                                                                                                                          ; --                 ; --          ; auto_signaltap_0                  ;
; SLD_NODE_PARAMETER_ASSIGNMENT       ; SLD_TRIGGER_IN_ENABLED=0                                                                                                                                                                                     ; --                 ; --          ; auto_signaltap_0                  ;
; SLD_NODE_PARAMETER_ASSIGNMENT       ; SLD_TRIGGER_PIPELINE=0                                                                                                                                                                                       ; --                 ; --          ; auto_signaltap_0                  ;
; SLD_NODE_PARAMETER_ASSIGNMENT       ; SLD_RAM_PIPELINE=0                                                                                                                                                                                           ; --                 ; --          ; auto_signaltap_0                  ;
; SLD_NODE_PARAMETER_ASSIGNMENT       ; SLD_COUNTER_PIPELINE=0                                                                                                                                                                                       ; --                 ; --          ; auto_signaltap_0                  ;
; SLD_NODE_PARAMETER_ASSIGNMENT       ; SLD_ADVANCED_TRIGGER_ENTITY=basic,1,                                                                                                                                                                         ; --                 ; --          ; auto_signaltap_0                  ;
; SLD_NODE_PARAMETER_ASSIGNMENT       ; SLD_TRIGGER_LEVEL_PIPELINE=1                                                                                                                                                                                 ; --                 ; --          ; auto_signaltap_0                  ;
; SLD_NODE_PARAMETER_ASSIGNMENT       ; SLD_ENABLE_ADVANCED_TRIGGER=0                                                                                                                                                                                ; --                 ; --          ; auto_signaltap_0                  ;
; SLD_NODE_PARAMETER_ASSIGNMENT       ; SLD_STORAGE_QUALIFIER_ENABLE_ADVANCED_CONDITION=0                                                                                                                                                            ; --                 ; --          ; auto_signaltap_0                  ;
; SLD_NODE_PARAMETER_ASSIGNMENT       ; SLD_STORAGE_QUALIFIER_PIPELINE=1                                                                                                                                                                             ; --                 ; --          ; auto_signaltap_0                  ;
; SLD_NODE_PARAMETER_ASSIGNMENT       ; SLD_STORAGE_QUALIFIER_ADVANCED_CONDITION_ENTITY=basic,1,                                                                                                                                                     ; --                 ; --          ; auto_signaltap_0                  ;
; SLD_NODE_PARAMETER_ASSIGNMENT       ; SLD_SEGMENT_SIZE=16384                                                                                                                                                                                       ; --                 ; --          ; auto_signaltap_0                  ;
; SLD_NODE_PARAMETER_ASSIGNMENT       ; SLD_SAMPLE_DEPTH=16384                                                                                                                                                                                       ; --                 ; --          ; auto_signaltap_0                  ;
; SLD_NODE_PARAMETER_ASSIGNMENT       ; SLD_DATA_BITS=26                                                                                                                                                                                             ; --                 ; --          ; auto_signaltap_0                  ;
; SLD_NODE_PARAMETER_ASSIGNMENT       ; SLD_TRIGGER_BITS=26                                                                                                                                                                                          ; --                 ; --          ; auto_signaltap_0                  ;
; SLD_NODE_PARAMETER_ASSIGNMENT       ; SLD_STORAGE_QUALIFIER_BITS=26                                                                                                                                                                                ; --                 ; --          ; auto_signaltap_0                  ;
; SLD_NODE_PARAMETER_ASSIGNMENT       ; SLD_INVERSION_MASK=00000000000000000000000000000000000000000000000000000000000000000000000000000000000000000000000000000000000000000000000000000000000000000000000000000000000000000000000000000000000000000 ; --                 ; --          ; auto_signaltap_0                  ;
; SLD_NODE_PARAMETER_ASSIGNMENT       ; SLD_INVERSION_MASK_LENGTH=185                                                                                                                                                                                ; --                 ; --          ; auto_signaltap_0                  ;
; SLD_NODE_PARAMETER_ASSIGNMENT       ; SLD_STORAGE_QUALIFIER_INVERSION_MASK_LENGTH=79                                                                                                                                                               ; --                 ; --          ; auto_signaltap_0                  ;
; USE_SIGNALTAP_FILE                  ; output_files/cnn_vibration_monitor_10M50.stp                                                                                                                                                                 ; --                 ; --          ; --                                ;
+-------------------------------------+--------------------------------------------------------------------------------------------------------------------------------------------------------------------------------------------------------------+--------------------+-------------+-----------------------------------+


+--------------------------------------------------------------------------------------------------------------------------+
; Flow Elapsed Time                                                                                                        ;
+----------------------+--------------+-------------------------+---------------------+------------------------------------+
; Module Name          ; Elapsed Time ; Average Processors Used ; Peak Virtual Memory ; Total CPU Time (on all processors) ;
+----------------------+--------------+-------------------------+---------------------+------------------------------------+
; Analysis & Synthesis ; 00:01:19     ; 1.0                     ; 5016 MB             ; 00:00:54                           ;
; Fitter               ; 00:01:04     ; 1.5                     ; 6267 MB             ; 00:01:08                           ;
; Assembler            ; 00:00:07     ; 1.0                     ; 4997 MB             ; 00:00:02                           ;
; Timing Analyzer      ; 00:00:06     ; 3.1                     ; 4989 MB             ; 00:00:10                           ;
; EDA Netlist Writer   ; 00:00:03     ; 1.0                     ; 4722 MB             ; 00:00:02                           ;
; Power Analyzer       ; 00:00:08     ; 2.5                     ; 5010 MB             ; 00:00:10                           ;
; Total                ; 00:02:47     ; --                      ; --                  ; 00:02:26                           ;
+----------------------+--------------+-------------------------+---------------------+------------------------------------+


+------------------------------------------------------------------------------------+
; Flow OS Summary                                                                    ;
+----------------------+------------------+------------+------------+----------------+
; Module Name          ; Machine Hostname ; OS Name    ; OS Version ; Processor type ;
+----------------------+------------------+------------+------------+----------------+
; Analysis & Synthesis ; harry_laptop     ; Windows 10 ; 10.0       ; x86_64         ;
; Fitter               ; harry_laptop     ; Windows 10 ; 10.0       ; x86_64         ;
; Assembler            ; harry_laptop     ; Windows 10 ; 10.0       ; x86_64         ;
; Timing Analyzer      ; harry_laptop     ; Windows 10 ; 10.0       ; x86_64         ;
; EDA Netlist Writer   ; harry_laptop     ; Windows 10 ; 10.0       ; x86_64         ;
; Power Analyzer       ; harry_laptop     ; Windows 10 ; 10.0       ; x86_64         ;
+----------------------+------------------+------------+------------+----------------+


------------
; Flow Log ;
------------
quartus_map --read_settings_files=on --write_settings_files=off cnn_vibration_monitor_10M50 -c cnn_vibration_monitor_10M50
quartus_fit --read_settings_files=off --write_settings_files=off cnn_vibration_monitor_10M50 -c cnn_vibration_monitor_10M50
quartus_asm --read_settings_files=off --write_settings_files=off cnn_vibration_monitor_10M50 -c cnn_vibration_monitor_10M50
quartus_sta cnn_vibration_monitor_10M50 -c cnn_vibration_monitor_10M50
quartus_eda --read_settings_files=off --write_settings_files=off cnn_vibration_monitor_10M50 -c cnn_vibration_monitor_10M50
quartus_pow --read_settings_files=on --write_settings_files=off cnn_vibration_monitor_10M50 -c cnn_vibration_monitor_10M50



